{"/Users/werdner/Documents/werdner/middle.messenger.praktikum.yandex/src/core/Block.ts": {"path":"/Users/werdner/Documents/werdner/middle.messenger.praktikum.yandex/src/core/Block.ts","statementMap":{"0":{"start":{"line":1,"column":0},"end":{"line":1,"column":38}},"1":{"start":{"line":2,"column":0},"end":{"line":2,"column":37}},"2":{"start":{"line":3,"column":0},"end":{"line":3,"column":37}},"3":{"start":{"line":4,"column":0},"end":{"line":4,"column":39}},"4":{"start":{"line":12,"column":0},"end":{"line":12,"column":13}},"5":{"start":{"line":33,"column":25},"end":{"line":33,"column":39}},"6":{"start":{"line":34,"column":8},"end":{"line":34,"column":33}},"7":{"start":{"line":36,"column":8},"end":{"line":36,"column":31}},"8":{"start":{"line":37,"column":8},"end":{"line":41,"column":11}},"9":{"start":{"line":43,"column":8},"end":{"line":50,"column":11}},"10":{"start":{"line":47,"column":16},"end":{"line":47,"column":39}},"11":{"start":{"line":48,"column":16},"end":{"line":48,"column":38}},"12":{"start":{"line":52,"column":8},"end":{"line":52,"column":33}},"13":{"start":{"line":55,"column":8},"end":{"line":55,"column":39}},"14":{"start":{"line":55,"column":30},"end":{"line":55,"column":39}},"15":{"start":{"line":56,"column":8},"end":{"line":56,"column":38}},"16":{"start":{"line":57,"column":8},"end":{"line":57,"column":41}},"17":{"start":{"line":60,"column":12},"end":{"line":66,"column":null}},"18":{"start":{"line":61,"column":8},"end":{"line":61,"column":61}},"19":{"start":{"line":62,"column":8},"end":{"line":62,"column":79}},"20":{"start":{"line":63,"column":8},"end":{"line":63,"column":78}},"21":{"start":{"line":64,"column":8},"end":{"line":64,"column":79}},"22":{"start":{"line":65,"column":8},"end":{"line":65,"column":70}},"23":{"start":{"line":68,"column":12},"end":{"line":73,"column":null}},"24":{"start":{"line":69,"column":45},"end":{"line":69,"column":54}},"25":{"start":{"line":69,"column":23},"end":{"line":69,"column":25}},"26":{"start":{"line":69,"column":30},"end":{"line":69,"column":32}},"27":{"start":{"line":69,"column":40},"end":{"line":69,"column":45}},"28":{"start":{"line":70,"column":8},"end":{"line":70,"column":77}},"29":{"start":{"line":72,"column":8},"end":{"line":72,"column":28}},"30":{"start":{"line":75,"column":12},"end":{"line":77,"column":null}},"31":{"start":{"line":76,"column":8},"end":{"line":76,"column":31}},"32":{"start":{"line":79,"column":11},"end":{"line":79,"column":null}},"33":{"start":{"line":81,"column":11},"end":{"line":81,"column":null}},"34":{"start":{"line":83,"column":14},"end":{"line":85,"column":null}},"35":{"start":{"line":84,"column":8},"end":{"line":84,"column":52}},"36":{"start":{"line":87,"column":14},"end":{"line":89,"column":null}},"37":{"start":{"line":88,"column":8},"end":{"line":88,"column":52}},"38":{"start":{"line":91,"column":12},"end":{"line":101,"column":null}},"39":{"start":{"line":92,"column":8},"end":{"line":92,"column":48}},"40":{"start":{"line":92,"column":41},"end":{"line":92,"column":48}},"41":{"start":{"line":94,"column":45},"end":{"line":94,"column":54}},"42":{"start":{"line":94,"column":23},"end":{"line":94,"column":25}},"43":{"start":{"line":94,"column":30},"end":{"line":94,"column":32}},"44":{"start":{"line":94,"column":40},"end":{"line":94,"column":45}},"45":{"start":{"line":95,"column":24},"end":{"line":95,"column":77}},"46":{"start":{"line":97,"column":22},"end":{"line":97,"column":59}},"47":{"start":{"line":98,"column":8},"end":{"line":98,"column":46}},"48":{"start":{"line":100,"column":8},"end":{"line":100,"column":31}},"49":{"start":{"line":103,"column":14},"end":{"line":114,"column":null}},"50":{"start":{"line":103,"column":47},"end":{"line":103,"column":null}},"51":{"start":{"line":104,"column":8},"end":{"line":106,"column":null}},"52":{"start":{"line":105,"column":12},"end":{"line":105,"column":19}},"53":{"start":{"line":108,"column":8},"end":{"line":108,"column":43}},"54":{"start":{"line":109,"column":8},"end":{"line":109,"column":52}},"55":{"start":{"line":111,"column":8},"end":{"line":113,"column":null}},"56":{"start":{"line":112,"column":12},"end":{"line":112,"column":26}},"57":{"start":{"line":116,"column":12},"end":{"line":132,"column":null}},"58":{"start":{"line":117,"column":28},"end":{"line":117,"column":32}},"59":{"start":{"line":119,"column":8},"end":{"line":131,"column":11}},"60":{"start":{"line":121,"column":16},"end":{"line":124,"column":null}},"61":{"start":{"line":122,"column":20},"end":{"line":122,"column":45}},"62":{"start":{"line":123,"column":20},"end":{"line":123,"column":40}},"63":{"start":{"line":126,"column":16},"end":{"line":126,"column":28}},"64":{"start":{"line":129,"column":16},"end":{"line":129,"column":54}},"65":{"start":{"line":134,"column":11},"end":{"line":151,"column":null}},"66":{"start":{"line":135,"column":8},"end":{"line":135,"column":34}},"67":{"start":{"line":135,"column":27},"end":{"line":135,"column":34}},"68":{"start":{"line":137,"column":8},"end":{"line":139,"column":null}},"69":{"start":{"line":138,"column":12},"end":{"line":138,"column":71}},"70":{"start":{"line":141,"column":8},"end":{"line":144,"column":null}},"71":{"start":{"line":142,"column":12},"end":{"line":142,"column":46}},"72":{"start":{"line":143,"column":12},"end":{"line":143,"column":46}},"73":{"start":{"line":146,"column":20},"end":{"line":146,"column":40}},"74":{"start":{"line":148,"column":8},"end":{"line":148,"column":64}},"75":{"start":{"line":149,"column":8},"end":{"line":149,"column":41}},"76":{"start":{"line":150,"column":8},"end":{"line":150,"column":34}},"77":{"start":{"line":153,"column":11},"end":{"line":155,"column":null}},"78":{"start":{"line":154,"column":8},"end":{"line":154,"column":null}},"79":{"start":{"line":157,"column":12},"end":{"line":174,"column":null}},"80":{"start":{"line":158,"column":28},"end":{"line":158,"column":32}},"81":{"start":{"line":160,"column":8},"end":{"line":173,"column":11}},"82":{"start":{"line":162,"column":16},"end":{"line":166,"column":null}},"83":{"start":{"line":163,"column":20},"end":{"line":163,"column":45}},"84":{"start":{"line":164,"column":20},"end":{"line":164,"column":39}},"85":{"start":{"line":165,"column":20},"end":{"line":165,"column":98}},"86":{"start":{"line":168,"column":16},"end":{"line":168,"column":28}},"87":{"start":{"line":171,"column":16},"end":{"line":171,"column":54}},"88":{"start":{"line":13,"column":11},"end":{"line":19,"column":6}},"89":{"start":{"line":21,"column":11},"end":{"line":21,"column":28}},"90":{"start":{"line":175,"column":0},"end":{"line":175,"column":null}},"91":{"start":{"line":12,"column":13},"end":{"line":12,"column":18}}},"fnMap":{"0":{"name":"(anonymous_2)","decl":{"start":{"line":12,"column":0},"end":{"line":12,"column":13}},"loc":{"start":{"line":12,"column":0},"end":{"line":12,"column":13}}},"1":{"name":"Block","decl":{"start":{"line":32,"column":4},"end":{"line":32,"column":16}},"loc":{"start":{"line":32,"column":78},"end":{"line":58,"column":5}}},"2":{"name":"(anonymous_4)","decl":{"start":{"line":45,"column":28},"end":{"line":45,"column":35}},"loc":{"start":{"line":45,"column":28},"end":{"line":45,"column":36}}},"3":{"name":"(anonymous_5)","decl":{"start":{"line":46,"column":20},"end":{"line":46,"column":21}},"loc":{"start":{"line":46,"column":30},"end":{"line":49,"column":13}}},"4":{"name":"(anonymous_6)","decl":{"start":{"line":55,"column":24},"end":{"line":55,"column":30}},"loc":{"start":{"line":55,"column":24},"end":{"line":55,"column":38}}},"5":{"name":"(anonymous_7)","decl":{"start":{"line":60,"column":4},"end":{"line":60,"column":12}},"loc":{"start":{"line":60,"column":45},"end":{"line":66,"column":5}}},"6":{"name":"(anonymous_8)","decl":{"start":{"line":68,"column":4},"end":{"line":68,"column":12}},"loc":{"start":{"line":68,"column":4},"end":{"line":73,"column":5}}},"7":{"name":"(anonymous_9)","decl":{"start":{"line":75,"column":4},"end":{"line":75,"column":12}},"loc":{"start":{"line":75,"column":4},"end":{"line":77,"column":5}}},"8":{"name":"(anonymous_10)","decl":{"start":{"line":79,"column":4},"end":{"line":79,"column":11}},"loc":{"start":{"line":79,"column":4},"end":{"line":79,"column":33}}},"9":{"name":"(anonymous_11)","decl":{"start":{"line":81,"column":4},"end":{"line":81,"column":11}},"loc":{"start":{"line":81,"column":4},"end":{"line":81,"column":34}}},"10":{"name":"(anonymous_12)","decl":{"start":{"line":83,"column":4},"end":{"line":83,"column":14}},"loc":{"start":{"line":83,"column":4},"end":{"line":85,"column":5}}},"11":{"name":"(anonymous_13)","decl":{"start":{"line":87,"column":4},"end":{"line":87,"column":14}},"loc":{"start":{"line":87,"column":4},"end":{"line":89,"column":5}}},"12":{"name":"(anonymous_14)","decl":{"start":{"line":91,"column":4},"end":{"line":91,"column":12}},"loc":{"start":{"line":91,"column":4},"end":{"line":101,"column":5}}},"13":{"name":"(anonymous_15)","decl":{"start":{"line":103,"column":4},"end":{"line":103,"column":14}},"loc":{"start":{"line":103,"column":75},"end":{"line":114,"column":5}}},"14":{"name":"(anonymous_16)","decl":{"start":{"line":116,"column":4},"end":{"line":116,"column":12}},"loc":{"start":{"line":116,"column":39},"end":{"line":132,"column":5}}},"15":{"name":"(anonymous_17)","decl":{"start":{"line":120,"column":15},"end":{"line":120,"column":16}},"loc":{"start":{"line":120,"column":52},"end":{"line":127,"column":13}}},"16":{"name":"(anonymous_18)","decl":{"start":{"line":128,"column":26},"end":{"line":128,"column":null}},"loc":{"start":{"line":128,"column":26},"end":{"line":130,"column":13}}},"17":{"name":"(anonymous_19)","decl":{"start":{"line":134,"column":4},"end":{"line":134,"column":11}},"loc":{"start":{"line":134,"column":4},"end":{"line":151,"column":5}}},"18":{"name":"(anonymous_20)","decl":{"start":{"line":153,"column":4},"end":{"line":153,"column":11}},"loc":{"start":{"line":153,"column":4},"end":{"line":155,"column":5}}},"19":{"name":"(anonymous_21)","decl":{"start":{"line":157,"column":4},"end":{"line":157,"column":12}},"loc":{"start":{"line":157,"column":37},"end":{"line":174,"column":5}}},"20":{"name":"(anonymous_22)","decl":{"start":{"line":161,"column":15},"end":{"line":161,"column":16}},"loc":{"start":{"line":161,"column":52},"end":{"line":169,"column":13}}},"21":{"name":"(anonymous_23)","decl":{"start":{"line":170,"column":26},"end":{"line":170,"column":null}},"loc":{"start":{"line":170,"column":26},"end":{"line":172,"column":13}}}},"branchMap":{"0":{"loc":{"start":{"line":38,"column":21},"end":{"line":38,"column":49}},"type":"cond-expr","locations":[{"start":{"line":38,"column":35},"end":{"line":38,"column":39}},{"start":{"line":38,"column":39},"end":{"line":38,"column":49}}]},"1":{"loc":{"start":{"line":38,"column":21},"end":{"line":38,"column":39}},"type":"binary-expr","locations":[{"start":{"line":38,"column":21},"end":{"line":38,"column":39}},{"start":{"line":38,"column":35},"end":{"line":38,"column":39}}]},"2":{"loc":{"start":{"line":38,"column":21},"end":{"line":38,"column":35}},"type":"cond-expr","locations":[{"start":{"line":38,"column":26},"end":{"line":38,"column":28}},{"start":{"line":38,"column":21},"end":{"line":38,"column":35}}]},"3":{"loc":{"start":{"line":38,"column":21},"end":{"line":38,"column":28}},"type":"binary-expr","locations":[{"start":{"line":38,"column":21},"end":{"line":38,"column":28}},{"start":{"line":38,"column":21},"end":{"line":38,"column":28}}]},"4":{"loc":{"start":{"line":39,"column":19},"end":{"line":39,"column":37}},"type":"cond-expr","locations":[{"start":{"line":39,"column":31},"end":{"line":39,"column":35}},{"start":{"line":39,"column":35},"end":{"line":39,"column":37}}]},"5":{"loc":{"start":{"line":39,"column":19},"end":{"line":39,"column":35}},"type":"binary-expr","locations":[{"start":{"line":39,"column":19},"end":{"line":39,"column":35}},{"start":{"line":39,"column":31},"end":{"line":39,"column":35}}]},"6":{"loc":{"start":{"line":39,"column":19},"end":{"line":39,"column":31}},"type":"cond-expr","locations":[{"start":{"line":39,"column":24},"end":{"line":39,"column":26}},{"start":{"line":39,"column":19},"end":{"line":39,"column":31}}]},"7":{"loc":{"start":{"line":39,"column":19},"end":{"line":39,"column":26}},"type":"binary-expr","locations":[{"start":{"line":39,"column":19},"end":{"line":39,"column":26}},{"start":{"line":39,"column":19},"end":{"line":39,"column":26}}]},"8":{"loc":{"start":{"line":40,"column":22},"end":{"line":40,"column":43}},"type":"cond-expr","locations":[{"start":{"line":40,"column":37},"end":{"line":40,"column":41}},{"start":{"line":40,"column":41},"end":{"line":40,"column":43}}]},"9":{"loc":{"start":{"line":40,"column":22},"end":{"line":40,"column":41}},"type":"binary-expr","locations":[{"start":{"line":40,"column":22},"end":{"line":40,"column":41}},{"start":{"line":40,"column":37},"end":{"line":40,"column":41}}]},"10":{"loc":{"start":{"line":40,"column":22},"end":{"line":40,"column":37}},"type":"cond-expr","locations":[{"start":{"line":40,"column":27},"end":{"line":40,"column":29}},{"start":{"line":40,"column":22},"end":{"line":40,"column":37}}]},"11":{"loc":{"start":{"line":40,"column":22},"end":{"line":40,"column":29}},"type":"binary-expr","locations":[{"start":{"line":40,"column":22},"end":{"line":40,"column":29}},{"start":{"line":40,"column":22},"end":{"line":40,"column":29}}]},"12":{"loc":{"start":{"line":44,"column":19},"end":{"line":44,"column":30}},"type":"cond-expr","locations":[{"start":{"line":44,"column":19},"end":{"line":44,"column":24}},{"start":{"line":44,"column":28},"end":{"line":44,"column":30}}]},"13":{"loc":{"start":{"line":44,"column":19},"end":{"line":44,"column":28}},"type":"binary-expr","locations":[{"start":{"line":44,"column":19},"end":{"line":44,"column":28}},{"start":{"line":44,"column":19},"end":{"line":44,"column":28}}]},"14":{"loc":{"start":{"line":92,"column":8},"end":{"line":92,"column":48}},"type":"if","locations":[{"start":{"line":92,"column":8},"end":{"line":92,"column":48}}]},"15":{"loc":{"start":{"line":92,"column":12},"end":{"line":92,"column":39}},"type":"binary-expr","locations":[{"start":{"line":92,"column":12},"end":{"line":92,"column":25}},{"start":{"line":92,"column":29},"end":{"line":92,"column":39}}]},"16":{"loc":{"start":{"line":98,"column":20},"end":{"line":98,"column":45}},"type":"binary-expr","locations":[{"start":{"line":98,"column":20},"end":{"line":98,"column":25}},{"start":{"line":98,"column":29},"end":{"line":98,"column":45}}]},"17":{"loc":{"start":{"line":103,"column":47},"end":{"line":103,"column":null}},"type":"if","locations":[{"start":{"line":103,"column":47},"end":{"line":103,"column":null}}]},"18":{"loc":{"start":{"line":104,"column":8},"end":{"line":106,"column":null}},"type":"if","locations":[{"start":{"line":104,"column":8},"end":{"line":106,"column":null}}]},"19":{"loc":{"start":{"line":111,"column":8},"end":{"line":113,"column":null}},"type":"if","locations":[{"start":{"line":111,"column":8},"end":{"line":113,"column":null}}]},"20":{"loc":{"start":{"line":121,"column":16},"end":{"line":124,"column":null}},"type":"if","locations":[{"start":{"line":121,"column":16},"end":{"line":124,"column":null}}]},"21":{"loc":{"start":{"line":135,"column":8},"end":{"line":135,"column":34}},"type":"if","locations":[{"start":{"line":135,"column":8},"end":{"line":135,"column":34}}]},"22":{"loc":{"start":{"line":137,"column":8},"end":{"line":139,"column":null}},"type":"if","locations":[{"start":{"line":137,"column":8},"end":{"line":139,"column":null}}]},"23":{"loc":{"start":{"line":141,"column":8},"end":{"line":144,"column":null}},"type":"if","locations":[{"start":{"line":141,"column":8},"end":{"line":144,"column":null}}]},"24":{"loc":{"start":{"line":162,"column":16},"end":{"line":166,"column":null}},"type":"if","locations":[{"start":{"line":162,"column":16},"end":{"line":166,"column":null}}]}},"s":{"0":2,"1":2,"2":2,"3":2,"4":2,"5":9,"6":9,"7":9,"8":9,"9":9,"10":1,"11":1,"12":9,"13":9,"14":8,"15":9,"16":9,"17":2,"18":9,"19":9,"20":9,"21":9,"22":9,"23":2,"24":9,"25":9,"26":9,"27":9,"28":9,"29":9,"30":2,"31":9,"32":2,"33":2,"34":2,"35":4,"36":2,"37":4,"38":2,"39":0,"40":0,"41":0,"42":0,"43":0,"44":0,"45":0,"46":0,"47":0,"48":0,"49":2,"50":0,"51":0,"52":0,"53":0,"54":0,"55":0,"56":0,"57":2,"58":9,"59":9,"60":5,"61":5,"62":5,"63":5,"64":0,"65":2,"66":4,"67":0,"68":4,"69":0,"70":4,"71":4,"72":4,"73":4,"74":4,"75":4,"76":4,"77":2,"78":1,"79":2,"80":9,"81":9,"82":0,"83":0,"84":0,"85":0,"86":0,"87":0,"88":2,"89":2,"90":2,"91":2},"f":{"0":2,"1":9,"2":0,"3":1,"4":8,"5":9,"6":9,"7":9,"8":3,"9":4,"10":4,"11":4,"12":0,"13":0,"14":9,"15":5,"16":0,"17":4,"18":1,"19":9,"20":0,"21":0},"b":{"0":[9,0],"1":[9,9],"2":[0,9],"3":[9,9],"4":[9,0],"5":[9,9],"6":[0,9],"7":[9,9],"8":[9,0],"9":[9,9],"10":[0,9],"11":[9,9],"12":[9,0],"13":[9,9],"14":[0],"15":[0,0],"16":[0,0],"17":[0],"18":[0],"19":[0],"20":[5],"21":[0],"22":[0],"23":[4],"24":[0]}}
,"/Users/werdner/Documents/werdner/middle.messenger.praktikum.yandex/src/core/EventBus.ts": {"path":"/Users/werdner/Documents/werdner/middle.messenger.praktikum.yandex/src/core/EventBus.ts","statementMap":{"0":{"start":{"line":3,"column":0},"end":{"line":3,"column":13}},"1":{"start":{"line":9,"column":8},"end":{"line":9,"column":28}},"2":{"start":{"line":12,"column":4},"end":{"line":20,"column":null}},"3":{"start":{"line":13,"column":8},"end":{"line":13,"column":36}},"4":{"start":{"line":13,"column":29},"end":{"line":13,"column":36}},"5":{"start":{"line":15,"column":8},"end":{"line":17,"column":null}},"6":{"start":{"line":16,"column":12},"end":{"line":16,"column":39}},"7":{"start":{"line":19,"column":8},"end":{"line":19,"column":45}},"8":{"start":{"line":22,"column":4},"end":{"line":32,"column":null}},"9":{"start":{"line":23,"column":8},"end":{"line":23,"column":36}},"10":{"start":{"line":23,"column":29},"end":{"line":23,"column":36}},"11":{"start":{"line":25,"column":8},"end":{"line":27,"column":null}},"12":{"start":{"line":26,"column":12},"end":{"line":26,"column":53}},"13":{"start":{"line":29,"column":8},"end":{"line":31,"column":10}},"14":{"start":{"line":30,"column":24},"end":{"line":30,"column":null}},"15":{"start":{"line":34,"column":4},"end":{"line":44,"column":null}},"16":{"start":{"line":34,"column":24},"end":{"line":34,"column":42}},"17":{"start":{"line":35,"column":8},"end":{"line":35,"column":36}},"18":{"start":{"line":35,"column":29},"end":{"line":35,"column":36}},"19":{"start":{"line":37,"column":8},"end":{"line":39,"column":null}},"20":{"start":{"line":38,"column":12},"end":{"line":38,"column":53}},"21":{"start":{"line":41,"column":8},"end":{"line":43,"column":11}},"22":{"start":{"line":42,"column":12},"end":{"line":42,"column":30}},"23":{"start":{"line":45,"column":0},"end":{"line":45,"column":null}},"24":{"start":{"line":3,"column":13},"end":{"line":3,"column":21}}},"fnMap":{"0":{"name":"(anonymous_0)","decl":{"start":{"line":3,"column":0},"end":{"line":3,"column":13}},"loc":{"start":{"line":3,"column":0},"end":{"line":45,"column":null}}},"1":{"name":"EventBus","decl":{"start":{"line":8,"column":4},"end":{"line":8,"column":null}},"loc":{"start":{"line":8,"column":4},"end":{"line":10,"column":5}}},"2":{"name":"(anonymous_2)","decl":{"start":{"line":12,"column":4},"end":{"line":12,"column":6}},"loc":{"start":{"line":12,"column":39},"end":{"line":20,"column":5}}},"3":{"name":"(anonymous_3)","decl":{"start":{"line":22,"column":4},"end":{"line":22,"column":7}},"loc":{"start":{"line":22,"column":40},"end":{"line":32,"column":5}}},"4":{"name":"(anonymous_4)","decl":{"start":{"line":30,"column":12},"end":{"line":30,"column":20}},"loc":{"start":{"line":30,"column":20},"end":{"line":30,"column":32}}},"5":{"name":"(anonymous_5)","decl":{"start":{"line":34,"column":4},"end":{"line":34,"column":8}},"loc":{"start":{"line":34,"column":22},"end":{"line":44,"column":5}}},"6":{"name":"(anonymous_6)","decl":{"start":{"line":41,"column":38},"end":{"line":41,"column":48}},"loc":{"start":{"line":41,"column":56},"end":{"line":43,"column":9}}}},"branchMap":{"0":{"loc":{"start":{"line":13,"column":8},"end":{"line":13,"column":36}},"type":"if","locations":[{"start":{"line":13,"column":8},"end":{"line":13,"column":36}}]},"1":{"loc":{"start":{"line":15,"column":8},"end":{"line":17,"column":null}},"type":"if","locations":[{"start":{"line":15,"column":8},"end":{"line":17,"column":null}}]},"2":{"loc":{"start":{"line":23,"column":8},"end":{"line":23,"column":36}},"type":"if","locations":[{"start":{"line":23,"column":8},"end":{"line":23,"column":36}}]},"3":{"loc":{"start":{"line":25,"column":8},"end":{"line":27,"column":null}},"type":"if","locations":[{"start":{"line":25,"column":8},"end":{"line":27,"column":null}}]},"4":{"loc":{"start":{"line":35,"column":8},"end":{"line":35,"column":36}},"type":"if","locations":[{"start":{"line":35,"column":8},"end":{"line":35,"column":36}}]},"5":{"loc":{"start":{"line":37,"column":8},"end":{"line":39,"column":null}},"type":"if","locations":[{"start":{"line":37,"column":8},"end":{"line":39,"column":null}}]}},"s":{"0":2,"1":9,"2":2,"3":45,"4":0,"5":45,"6":45,"7":45,"8":2,"9":0,"10":0,"11":0,"12":0,"13":0,"14":0,"15":2,"16":34,"17":17,"18":0,"19":17,"20":0,"21":17,"22":17,"23":2,"24":2},"f":{"0":2,"1":9,"2":45,"3":0,"4":0,"5":17,"6":17},"b":{"0":[0],"1":[45],"2":[0],"3":[0],"4":[0],"5":[0]}}
,"/Users/werdner/Documents/werdner/middle.messenger.praktikum.yandex/src/core/HTTP/HTTPTransport.ts": {"path":"/Users/werdner/Documents/werdner/middle.messenger.praktikum.yandex/src/core/HTTP/HTTPTransport.ts","statementMap":{"0":{"start":{"line":1,"column":0},"end":{"line":1,"column":58}},"1":{"start":{"line":3,"column":0},"end":{"line":3,"column":null}},"2":{"start":{"line":4,"column":4},"end":{"line":4,"column":null}},"3":{"start":{"line":5,"column":4},"end":{"line":5,"column":null}},"4":{"start":{"line":6,"column":4},"end":{"line":6,"column":null}},"5":{"start":{"line":7,"column":4},"end":{"line":7,"column":null}},"6":{"start":{"line":8,"column":4},"end":{"line":8,"column":null}},"7":{"start":{"line":22,"column":14},"end":{"line":22,"column":17}},"8":{"start":{"line":24,"column":16},"end":{"line":24,"column":36}},"9":{"start":{"line":26,"column":4},"end":{"line":31,"column":7}},"10":{"start":{"line":26,"column":21},"end":{"line":26,"column":23}},"11":{"start":{"line":26,"column":28},"end":{"line":26,"column":29}},"12":{"start":{"line":27,"column":8},"end":{"line":27,"column":38}},"13":{"start":{"line":28,"column":8},"end":{"line":30,"column":null}},"14":{"start":{"line":29,"column":12},"end":{"line":29,"column":28}},"15":{"start":{"line":32,"column":4},"end":{"line":32,"column":15}},"16":{"start":{"line":21,"column":0},"end":{"line":21,"column":16}},"17":{"start":{"line":36,"column":4},"end":{"line":53,"column":6}},"18":{"start":{"line":37,"column":28},"end":{"line":37,"column":67}},"19":{"start":{"line":38,"column":27},"end":{"line":38,"column":66}},"20":{"start":{"line":40,"column":26},"end":{"line":40,"column":63}},"21":{"start":{"line":41,"column":25},"end":{"line":41,"column":62}},"22":{"start":{"line":43,"column":31},"end":{"line":43,"column":56}},"23":{"start":{"line":44,"column":29},"end":{"line":44,"column":50}},"24":{"start":{"line":46,"column":23},"end":{"line":46,"column":53}},"25":{"start":{"line":47,"column":28},"end":{"line":47,"column":66}},"26":{"start":{"line":49,"column":21},"end":{"line":49,"column":51}},"27":{"start":{"line":51,"column":8},"end":{"line":51,"column":71}},"28":{"start":{"line":52,"column":8},"end":{"line":52,"column":20}},"29":{"start":{"line":35,"column":0},"end":{"line":35,"column":16}},"30":{"start":{"line":56,"column":0},"end":{"line":56,"column":13}},"31":{"start":{"line":59,"column":16},"end":{"line":59,"column":null}},"32":{"start":{"line":59,"column":4},"end":{"line":59,"column":16}},"33":{"start":{"line":63,"column":4},"end":{"line":97,"column":6}},"34":{"start":{"line":64,"column":78},"end":{"line":64,"column":91}},"35":{"start":{"line":64,"column":16},"end":{"line":64,"column":22}},"36":{"start":{"line":64,"column":22},"end":{"line":64,"column":38}},"37":{"start":{"line":64,"column":38},"end":{"line":64,"column":45}},"38":{"start":{"line":64,"column":45},"end":{"line":64,"column":55}},"39":{"start":{"line":64,"column":55},"end":{"line":64,"column":62}},"40":{"start":{"line":64,"column":62},"end":{"line":64,"column":69}},"41":{"start":{"line":64,"column":73},"end":{"line":64,"column":78}},"42":{"start":{"line":66,"column":27},"end":{"line":66,"column":51}},"43":{"start":{"line":68,"column":30},"end":{"line":68,"column":77}},"44":{"start":{"line":70,"column":20},"end":{"line":70,"column":40}},"45":{"start":{"line":71,"column":20},"end":{"line":71,"column":94}},"46":{"start":{"line":72,"column":21},"end":{"line":72,"column":61}},"47":{"start":{"line":74,"column":24},"end":{"line":94,"column":10}},"48":{"start":{"line":75,"column":12},"end":{"line":75,"column":34}},"49":{"start":{"line":76,"column":12},"end":{"line":76,"column":39}},"50":{"start":{"line":78,"column":12},"end":{"line":80,"column":15}},"51":{"start":{"line":79,"column":16},"end":{"line":79,"column":56}},"52":{"start":{"line":82,"column":12},"end":{"line":82,"column":54}},"53":{"start":{"line":83,"column":12},"end":{"line":83,"column":33}},"54":{"start":{"line":84,"column":12},"end":{"line":84,"column":33}},"55":{"start":{"line":86,"column":12},"end":{"line":86,"column":34}},"56":{"start":{"line":87,"column":12},"end":{"line":87,"column":35}},"57":{"start":{"line":89,"column":12},"end":{"line":93,"column":null}},"58":{"start":{"line":90,"column":16},"end":{"line":90,"column":27}},"59":{"start":{"line":92,"column":16},"end":{"line":92,"column":31}},"60":{"start":{"line":96,"column":8},"end":{"line":96,"column":23}},"61":{"start":{"line":60,"column":8},"end":{"line":60,"column":39}},"62":{"start":{"line":98,"column":0},"end":{"line":98,"column":null}},"63":{"start":{"line":56,"column":13},"end":{"line":56,"column":26}}},"fnMap":{"0":{"name":"(anonymous_0)","decl":{"start":{"line":3,"column":0},"end":{"line":3,"column":12}},"loc":{"start":{"line":3,"column":19},"end":{"line":9,"column":1}}},"1":{"name":"queryStringify","decl":{"start":{"line":21,"column":16},"end":{"line":21,"column":30}},"loc":{"start":{"line":21,"column":60},"end":{"line":33,"column":1}}},"2":{"name":"(anonymous_2)","decl":{"start":{"line":26,"column":16},"end":{"line":26,"column":17}},"loc":{"start":{"line":26,"column":36},"end":{"line":31,"column":5}}},"3":{"name":"onload","decl":{"start":{"line":35,"column":16},"end":{"line":35,"column":22}},"loc":{"start":{"line":35,"column":150},"end":{"line":54,"column":1}}},"4":{"name":"(anonymous_4)","decl":{"start":{"line":36,"column":11},"end":{"line":36,"column":null}},"loc":{"start":{"line":36,"column":11},"end":{"line":53,"column":5}}},"5":{"name":"(anonymous_5)","decl":{"start":{"line":56,"column":0},"end":{"line":56,"column":13}},"loc":{"start":{"line":56,"column":0},"end":{"line":98,"column":null}}},"6":{"name":"HTTPTransport","decl":{"start":{"line":59,"column":4},"end":{"line":59,"column":16}},"loc":{"start":{"line":59,"column":40},"end":{"line":61,"column":5}}},"7":{"name":"(anonymous_7)","decl":{"start":{"line":63,"column":30},"end":{"line":63,"column":31}},"loc":{"start":{"line":63,"column":43},"end":{"line":97,"column":5}}},"8":{"name":"(anonymous_8)","decl":{"start":{"line":74,"column":36},"end":{"line":74,"column":37}},"loc":{"start":{"line":74,"column":52},"end":{"line":94,"column":9}}},"9":{"name":"(anonymous_9)","decl":{"start":{"line":78,"column":41},"end":{"line":78,"column":42}},"loc":{"start":{"line":78,"column":45},"end":{"line":80,"column":13}}}},"branchMap":{"0":{"loc":{"start":{"line":3,"column":12},"end":{"line":3,"column":null}},"type":"binary-expr","locations":[{"start":{"line":3,"column":12},"end":{"line":3,"column":19}},{"start":{"line":3,"column":12},"end":{"line":3,"column":null}}]},"1":{"loc":{"start":{"line":28,"column":8},"end":{"line":30,"column":null}},"type":"if","locations":[{"start":{"line":28,"column":8},"end":{"line":30,"column":null}}]},"2":{"loc":{"start":{"line":43,"column":31},"end":{"line":43,"column":56}},"type":"binary-expr","locations":[{"start":{"line":43,"column":31},"end":{"line":43,"column":42}},{"start":{"line":43,"column":46},"end":{"line":43,"column":56}}]},"3":{"loc":{"start":{"line":44,"column":29},"end":{"line":44,"column":50}},"type":"binary-expr","locations":[{"start":{"line":44,"column":29},"end":{"line":44,"column":38}},{"start":{"line":44,"column":42},"end":{"line":44,"column":50}}]},"4":{"loc":{"start":{"line":46,"column":23},"end":{"line":46,"column":53}},"type":"binary-expr","locations":[{"start":{"line":46,"column":23},"end":{"line":46,"column":37}},{"start":{"line":46,"column":41},"end":{"line":46,"column":53}}]},"5":{"loc":{"start":{"line":49,"column":21},"end":{"line":49,"column":51}},"type":"cond-expr","locations":[{"start":{"line":49,"column":35},"end":{"line":49,"column":41}},{"start":{"line":49,"column":44},"end":{"line":49,"column":51}}]},"6":{"loc":{"start":{"line":51,"column":13},"end":{"line":51,"column":69}},"type":"cond-expr","locations":[{"start":{"line":51,"column":22},"end":{"line":51,"column":50}},{"start":{"line":51,"column":53},"end":{"line":51,"column":69}}]},"7":{"loc":{"start":{"line":59,"column":16},"end":{"line":59,"column":null}},"type":"if","locations":[{"start":{"line":59,"column":16},"end":{"line":59,"column":null}}]},"8":{"loc":{"start":{"line":64,"column":78},"end":{"line":64,"column":91}},"type":"binary-expr","locations":[{"start":{"line":64,"column":78},"end":{"line":64,"column":85}},{"start":{"line":64,"column":89},"end":{"line":64,"column":91}}]},"9":{"loc":{"start":{"line":64,"column":22},"end":{"line":64,"column":38}},"type":"cond-expr","locations":[{"start":{"line":64,"column":25},"end":{"line":64,"column":36}},{"start":{"line":64,"column":36},"end":{"line":64,"column":38}}]},"10":{"loc":{"start":{"line":64,"column":45},"end":{"line":64,"column":55}},"type":"cond-expr","locations":[{"start":{"line":64,"column":48},"end":{"line":64,"column":53}},{"start":{"line":64,"column":53},"end":{"line":64,"column":55}}]},"11":{"loc":{"start":{"line":64,"column":62},"end":{"line":64,"column":69}},"type":"cond-expr","locations":[{"start":{"line":64,"column":65},"end":{"line":64,"column":67}},{"start":{"line":64,"column":67},"end":{"line":64,"column":69}}]},"12":{"loc":{"start":{"line":68,"column":30},"end":{"line":68,"column":77}},"type":"binary-expr","locations":[{"start":{"line":68,"column":31},"end":{"line":68,"column":53}},{"start":{"line":68,"column":58},"end":{"line":68,"column":77}}]},"13":{"loc":{"start":{"line":71,"column":40},"end":{"line":71,"column":93}},"type":"cond-expr","locations":[{"start":{"line":71,"column":56},"end":{"line":71,"column":87}},{"start":{"line":71,"column":90},"end":{"line":71,"column":93}}]},"14":{"loc":{"start":{"line":72,"column":21},"end":{"line":72,"column":61}},"type":"cond-expr","locations":[{"start":{"line":72,"column":34},"end":{"line":72,"column":38}},{"start":{"line":72,"column":41},"end":{"line":72,"column":61}}]},"15":{"loc":{"start":{"line":89,"column":12},"end":{"line":93,"column":null}},"type":"if","locations":[{"start":{"line":89,"column":12},"end":{"line":93,"column":null}},{"start":{"line":91,"column":19},"end":{"line":93,"column":null}}]}},"s":{"0":1,"1":1,"2":1,"3":1,"4":1,"5":1,"6":1,"7":2,"8":2,"9":2,"10":6,"11":6,"12":6,"13":6,"14":4,"15":2,"16":1,"17":10,"18":0,"19":0,"20":0,"21":0,"22":0,"23":0,"24":0,"25":0,"26":0,"27":0,"28":0,"29":1,"30":1,"31":1,"32":1,"33":1,"34":5,"35":5,"36":5,"37":5,"38":5,"39":5,"40":5,"41":5,"42":5,"43":5,"44":5,"45":5,"46":5,"47":5,"48":5,"49":5,"50":5,"51":1,"52":5,"53":5,"54":5,"55":5,"56":5,"57":5,"58":1,"59":4,"60":5,"61":1,"62":1,"63":1},"f":{"0":1,"1":2,"2":6,"3":10,"4":0,"5":1,"6":1,"7":5,"8":5,"9":1},"b":{"0":[1,1],"1":[4],"2":[0,0],"3":[0,0],"4":[0,0],"5":[0,0],"6":[0,0],"7":[0],"8":[5,0],"9":[2,3],"10":[5,0],"11":[4,1],"12":[5,2],"13":[1,4],"14":[0,5],"15":[1,4]}}
,"/Users/werdner/Documents/werdner/middle.messenger.praktikum.yandex/src/core/Router/Route.ts": {"path":"/Users/werdner/Documents/werdner/middle.messenger.praktikum.yandex/src/core/Router/Route.ts","statementMap":{"0":{"start":{"line":3,"column":0},"end":{"line":3,"column":13}},"1":{"start":{"line":8,"column":8},"end":{"line":8,"column":34}},"2":{"start":{"line":9,"column":8},"end":{"line":9,"column":27}},"3":{"start":{"line":12,"column":4},"end":{"line":17,"column":null}},"4":{"start":{"line":13,"column":8},"end":{"line":16,"column":null}},"5":{"start":{"line":14,"column":12},"end":{"line":14,"column":38}},"6":{"start":{"line":15,"column":12},"end":{"line":15,"column":33}},"7":{"start":{"line":19,"column":4},"end":{"line":21,"column":null}},"8":{"start":{"line":20,"column":8},"end":{"line":20,"column":43}},"9":{"start":{"line":23,"column":4},"end":{"line":25,"column":null}},"10":{"start":{"line":24,"column":8},"end":{"line":24,"column":30}},"11":{"start":{"line":26,"column":0},"end":{"line":26,"column":null}},"12":{"start":{"line":3,"column":13},"end":{"line":3,"column":18}}},"fnMap":{"0":{"name":"(anonymous_0)","decl":{"start":{"line":3,"column":0},"end":{"line":3,"column":13}},"loc":{"start":{"line":3,"column":0},"end":{"line":26,"column":null}}},"1":{"name":"Route","decl":{"start":{"line":7,"column":4},"end":{"line":7,"column":16}},"loc":{"start":{"line":7,"column":45},"end":{"line":10,"column":5}}},"2":{"name":"(anonymous_2)","decl":{"start":{"line":12,"column":4},"end":{"line":12,"column":12}},"loc":{"start":{"line":12,"column":29},"end":{"line":17,"column":5}}},"3":{"name":"(anonymous_3)","decl":{"start":{"line":19,"column":4},"end":{"line":19,"column":9}},"loc":{"start":{"line":19,"column":26},"end":{"line":21,"column":5}}},"4":{"name":"(anonymous_4)","decl":{"start":{"line":23,"column":4},"end":{"line":23,"column":10}},"loc":{"start":{"line":23,"column":4},"end":{"line":25,"column":5}}}},"branchMap":{"0":{"loc":{"start":{"line":13,"column":8},"end":{"line":16,"column":null}},"type":"if","locations":[{"start":{"line":13,"column":8},"end":{"line":16,"column":null}}]},"1":{"loc":{"start":{"line":13,"column":12},"end":{"line":13,"column":48}},"type":"binary-expr","locations":[{"start":{"line":13,"column":12},"end":{"line":13,"column":33}},{"start":{"line":13,"column":37},"end":{"line":13,"column":48}}]},"2":{"loc":{"start":{"line":24,"column":8},"end":{"line":24,"column":29}},"type":"cond-expr","locations":[{"start":{"line":24,"column":19},"end":{"line":24,"column":21}},{"start":{"line":24,"column":19},"end":{"line":24,"column":29}}]},"3":{"loc":{"start":{"line":24,"column":8},"end":{"line":24,"column":21}},"type":"binary-expr","locations":[{"start":{"line":24,"column":8},"end":{"line":24,"column":21}},{"start":{"line":24,"column":19},"end":{"line":24,"column":21}}]}},"s":{"0":1,"1":4,"2":4,"3":1,"4":0,"5":0,"6":0,"7":1,"8":12,"9":1,"10":3,"11":1,"12":1},"f":{"0":1,"1":4,"2":0,"3":12,"4":3},"b":{"0":[0],"1":[0,0],"2":[0,3],"3":[3,3]}}
,"/Users/werdner/Documents/werdner/middle.messenger.praktikum.yandex/src/core/Router/Router.ts": {"path":"/Users/werdner/Documents/werdner/middle.messenger.praktikum.yandex/src/core/Router/Router.ts","statementMap":{"0":{"start":{"line":1,"column":0},"end":{"line":1,"column":32}},"1":{"start":{"line":4,"column":0},"end":{"line":4,"column":13}},"2":{"start":{"line":6,"column":11},"end":{"line":6,"column":43}},"3":{"start":{"line":8,"column":20},"end":{"line":8,"column":51}},"4":{"start":{"line":9,"column":11},"end":{"line":9,"column":41}},"5":{"start":{"line":10,"column":11},"end":{"line":10,"column":null}},"6":{"start":{"line":13,"column":8},"end":{"line":15,"column":null}},"7":{"start":{"line":14,"column":12},"end":{"line":14,"column":36}},"8":{"start":{"line":17,"column":8},"end":{"line":17,"column":25}},"9":{"start":{"line":18,"column":8},"end":{"line":18,"column":38}},"10":{"start":{"line":19,"column":8},"end":{"line":19,"column":35}},"11":{"start":{"line":21,"column":8},"end":{"line":21,"column":32}},"12":{"start":{"line":24,"column":4},"end":{"line":30,"column":null}},"13":{"start":{"line":25,"column":22},"end":{"line":25,"column":48}},"14":{"start":{"line":27,"column":8},"end":{"line":27,"column":33}},"15":{"start":{"line":29,"column":8},"end":{"line":29,"column":20}},"16":{"start":{"line":32,"column":4},"end":{"line":40,"column":null}},"17":{"start":{"line":32,"column":4},"end":{"line":32,"column":9}},"18":{"start":{"line":33,"column":8},"end":{"line":36,"column":18}},"19":{"start":{"line":34,"column":12},"end":{"line":34,"column":52}},"20":{"start":{"line":35,"column":12},"end":{"line":35,"column":null}},"21":{"start":{"line":38,"column":8},"end":{"line":38,"column":null}},"22":{"start":{"line":39,"column":8},"end":{"line":39,"column":48}},"23":{"start":{"line":42,"column":4},"end":{"line":50,"column":null}},"24":{"start":{"line":43,"column":20},"end":{"line":43,"column":68}},"25":{"start":{"line":44,"column":8},"end":{"line":46,"column":null}},"26":{"start":{"line":45,"column":12},"end":{"line":45,"column":19}},"27":{"start":{"line":48,"column":8},"end":{"line":48,"column":null}},"28":{"start":{"line":49,"column":8},"end":{"line":49,"column":24}},"29":{"start":{"line":52,"column":4},"end":{"line":60,"column":null}},"30":{"start":{"line":53,"column":8},"end":{"line":55,"column":null}},"31":{"start":{"line":54,"column":12},"end":{"line":54,"column":19}},"32":{"start":{"line":57,"column":8},"end":{"line":57,"column":null}},"33":{"start":{"line":58,"column":8},"end":{"line":58,"column":49}},"34":{"start":{"line":59,"column":8},"end":{"line":59,"column":32}},"35":{"start":{"line":62,"column":4},"end":{"line":65,"column":null}},"36":{"start":{"line":63,"column":8},"end":{"line":63,"column":null}},"37":{"start":{"line":64,"column":8},"end":{"line":64,"column":29}},"38":{"start":{"line":67,"column":4},"end":{"line":70,"column":null}},"39":{"start":{"line":68,"column":8},"end":{"line":68,"column":null}},"40":{"start":{"line":69,"column":8},"end":{"line":69,"column":32}},"41":{"start":{"line":72,"column":4},"end":{"line":74,"column":null}},"42":{"start":{"line":73,"column":8},"end":{"line":73,"column":65}},"43":{"start":{"line":73,"column":42},"end":{"line":73,"column":64}},"44":{"start":{"line":5,"column":11},"end":{"line":5,"column":43}},"45":{"start":{"line":75,"column":0},"end":{"line":75,"column":null}},"46":{"start":{"line":4,"column":13},"end":{"line":4,"column":19}}},"fnMap":{"0":{"name":"(anonymous_0)","decl":{"start":{"line":4,"column":0},"end":{"line":4,"column":13}},"loc":{"start":{"line":4,"column":0},"end":{"line":4,"column":13}}},"1":{"name":"Router","decl":{"start":{"line":12,"column":4},"end":{"line":12,"column":16}},"loc":{"start":{"line":12,"column":33},"end":{"line":22,"column":5}}},"2":{"name":"(anonymous_2)","decl":{"start":{"line":24,"column":4},"end":{"line":24,"column":7}},"loc":{"start":{"line":24,"column":38},"end":{"line":30,"column":5}}},"3":{"name":"(anonymous_3)","decl":{"start":{"line":32,"column":4},"end":{"line":32,"column":9}},"loc":{"start":{"line":32,"column":4},"end":{"line":40,"column":5}}},"4":{"name":"(anonymous_4)","decl":{"start":{"line":33,"column":44},"end":{"line":33,"column":null}},"loc":{"start":{"line":33,"column":44},"end":{"line":36,"column":9}}},"5":{"name":"(anonymous_5)","decl":{"start":{"line":42,"column":4},"end":{"line":42,"column":12}},"loc":{"start":{"line":42,"column":29},"end":{"line":50,"column":5}}},"6":{"name":"(anonymous_6)","decl":{"start":{"line":52,"column":4},"end":{"line":52,"column":6}},"loc":{"start":{"line":52,"column":23},"end":{"line":60,"column":5}}},"7":{"name":"(anonymous_7)","decl":{"start":{"line":62,"column":4},"end":{"line":62,"column":8}},"loc":{"start":{"line":62,"column":4},"end":{"line":65,"column":5}}},"8":{"name":"(anonymous_8)","decl":{"start":{"line":67,"column":4},"end":{"line":67,"column":11}},"loc":{"start":{"line":67,"column":4},"end":{"line":70,"column":5}}},"9":{"name":"(anonymous_9)","decl":{"start":{"line":72,"column":4},"end":{"line":72,"column":12}},"loc":{"start":{"line":72,"column":29},"end":{"line":74,"column":5}}},"10":{"name":"(anonymous_10)","decl":{"start":{"line":73,"column":33},"end":{"line":73,"column":38}},"loc":{"start":{"line":73,"column":38},"end":{"line":73,"column":47}}}},"branchMap":{"0":{"loc":{"start":{"line":13,"column":8},"end":{"line":15,"column":null}},"type":"if","locations":[{"start":{"line":13,"column":8},"end":{"line":15,"column":null}}]},"1":{"loc":{"start":{"line":27,"column":8},"end":{"line":27,"column":32}},"type":"cond-expr","locations":[{"start":{"line":27,"column":19},"end":{"line":27,"column":21}},{"start":{"line":27,"column":19},"end":{"line":27,"column":32}}]},"2":{"loc":{"start":{"line":27,"column":8},"end":{"line":27,"column":21}},"type":"binary-expr","locations":[{"start":{"line":27,"column":8},"end":{"line":27,"column":21}},{"start":{"line":27,"column":19},"end":{"line":27,"column":21}}]},"3":{"loc":{"start":{"line":43,"column":20},"end":{"line":43,"column":68}},"type":"cond-expr","locations":[{"start":{"line":43,"column":43},"end":{"line":43,"column":47}},{"start":{"line":43,"column":47},"end":{"line":43,"column":68}}]},"4":{"loc":{"start":{"line":43,"column":20},"end":{"line":43,"column":47}},"type":"binary-expr","locations":[{"start":{"line":43,"column":20},"end":{"line":43,"column":47}},{"start":{"line":43,"column":43},"end":{"line":43,"column":47}}]},"5":{"loc":{"start":{"line":44,"column":8},"end":{"line":46,"column":null}},"type":"if","locations":[{"start":{"line":44,"column":8},"end":{"line":46,"column":null}}]},"6":{"loc":{"start":{"line":49,"column":8},"end":{"line":49,"column":23}},"type":"cond-expr","locations":[{"start":{"line":49,"column":13},"end":{"line":49,"column":15}},{"start":{"line":49,"column":8},"end":{"line":49,"column":23}}]},"7":{"loc":{"start":{"line":49,"column":8},"end":{"line":49,"column":15}},"type":"binary-expr","locations":[{"start":{"line":49,"column":8},"end":{"line":49,"column":15}},{"start":{"line":49,"column":8},"end":{"line":49,"column":15}}]},"8":{"loc":{"start":{"line":53,"column":8},"end":{"line":55,"column":null}},"type":"if","locations":[{"start":{"line":53,"column":8},"end":{"line":55,"column":null}}]},"9":{"loc":{"start":{"line":64,"column":8},"end":{"line":64,"column":28}},"type":"cond-expr","locations":[{"start":{"line":64,"column":20},"end":{"line":64,"column":22}},{"start":{"line":64,"column":20},"end":{"line":64,"column":28}}]},"10":{"loc":{"start":{"line":64,"column":8},"end":{"line":64,"column":22}},"type":"binary-expr","locations":[{"start":{"line":64,"column":8},"end":{"line":64,"column":22}},{"start":{"line":64,"column":20},"end":{"line":64,"column":22}}]},"11":{"loc":{"start":{"line":69,"column":8},"end":{"line":69,"column":31}},"type":"cond-expr","locations":[{"start":{"line":69,"column":20},"end":{"line":69,"column":22}},{"start":{"line":69,"column":20},"end":{"line":69,"column":31}}]},"12":{"loc":{"start":{"line":69,"column":8},"end":{"line":69,"column":22}},"type":"binary-expr","locations":[{"start":{"line":69,"column":8},"end":{"line":69,"column":22}},{"start":{"line":69,"column":20},"end":{"line":69,"column":22}}]},"13":{"loc":{"start":{"line":73,"column":15},"end":{"line":73,"column":64}},"type":"cond-expr","locations":[{"start":{"line":73,"column":26},"end":{"line":73,"column":28}},{"start":{"line":73,"column":26},"end":{"line":73,"column":64}}]},"14":{"loc":{"start":{"line":73,"column":15},"end":{"line":73,"column":28}},"type":"binary-expr","locations":[{"start":{"line":73,"column":15},"end":{"line":73,"column":28}},{"start":{"line":73,"column":26},"end":{"line":73,"column":28}}]}},"s":{"0":1,"1":1,"2":1,"3":1,"4":1,"5":1,"6":1,"7":0,"8":1,"9":1,"10":1,"11":1,"12":1,"13":4,"14":4,"15":4,"16":1,"17":0,"18":0,"19":0,"20":0,"21":0,"22":0,"23":1,"24":3,"25":3,"26":0,"27":3,"28":3,"29":1,"30":3,"31":0,"32":3,"33":3,"34":3,"35":1,"36":0,"37":0,"38":1,"39":0,"40":0,"41":1,"42":6,"43":12,"44":1,"45":1,"46":1},"f":{"0":1,"1":1,"2":4,"3":0,"4":0,"5":3,"6":3,"7":0,"8":0,"9":6,"10":12},"b":{"0":[0],"1":[0,4],"2":[4,4],"3":[3,0],"4":[3,3],"5":[0],"6":[0,3],"7":[3,3],"8":[0],"9":[0,0],"10":[0,0],"11":[0,0],"12":[0,0],"13":[0,6],"14":[6,6]}}
,"/Users/werdner/Documents/werdner/middle.messenger.praktikum.yandex/src/core/Router/mockPages.ts": {"path":"/Users/werdner/Documents/werdner/middle.messenger.praktikum.yandex/src/core/Router/mockPages.ts","statementMap":{"0":{"start":{"line":1,"column":0},"end":{"line":1,"column":31}},"1":{"start":{"line":2,"column":0},"end":{"line":2,"column":39}},"2":{"start":{"line":4,"column":0},"end":{"line":4,"column":null}},"3":{"start":{"line":4,"column":31},"end":{"line":4,"column":36}},"4":{"start":{"line":6,"column":22},"end":{"line":8,"column":null}},"5":{"start":{"line":10,"column":25},"end":{"line":10,"column":32}},"6":{"start":{"line":10,"column":31},"end":{"line":12,"column":null}},"7":{"start":{"line":14,"column":21},"end":{"line":14,"column":68}},"8":{"start":{"line":15,"column":8},"end":{"line":15,"column":null}},"9":{"start":{"line":18,"column":4},"end":{"line":20,"column":null}},"10":{"start":{"line":19,"column":8},"end":{"line":19,"column":null}},"11":{"start":{"line":23,"column":8},"end":{"line":23,"column":null}},"12":{"start":{"line":25,"column":0},"end":{"line":25,"column":null}},"13":{"start":{"line":4,"column":13},"end":{"line":4,"column":22}},"14":{"start":{"line":27,"column":0},"end":{"line":27,"column":null}},"15":{"start":{"line":27,"column":31},"end":{"line":27,"column":36}},"16":{"start":{"line":29,"column":22},"end":{"line":31,"column":null}},"17":{"start":{"line":33,"column":25},"end":{"line":33,"column":32}},"18":{"start":{"line":33,"column":31},"end":{"line":35,"column":null}},"19":{"start":{"line":37,"column":21},"end":{"line":37,"column":68}},"20":{"start":{"line":38,"column":8},"end":{"line":38,"column":null}},"21":{"start":{"line":41,"column":4},"end":{"line":43,"column":null}},"22":{"start":{"line":42,"column":8},"end":{"line":42,"column":null}},"23":{"start":{"line":46,"column":8},"end":{"line":46,"column":null}},"24":{"start":{"line":48,"column":0},"end":{"line":48,"column":null}},"25":{"start":{"line":27,"column":13},"end":{"line":27,"column":22}},"26":{"start":{"line":50,"column":0},"end":{"line":50,"column":null}},"27":{"start":{"line":50,"column":29},"end":{"line":50,"column":34}},"28":{"start":{"line":52,"column":22},"end":{"line":54,"column":null}},"29":{"start":{"line":56,"column":25},"end":{"line":56,"column":32}},"30":{"start":{"line":56,"column":31},"end":{"line":58,"column":null}},"31":{"start":{"line":60,"column":21},"end":{"line":60,"column":68}},"32":{"start":{"line":61,"column":8},"end":{"line":61,"column":null}},"33":{"start":{"line":64,"column":4},"end":{"line":66,"column":null}},"34":{"start":{"line":65,"column":8},"end":{"line":65,"column":null}},"35":{"start":{"line":69,"column":8},"end":{"line":69,"column":null}},"36":{"start":{"line":71,"column":0},"end":{"line":71,"column":null}},"37":{"start":{"line":50,"column":13},"end":{"line":50,"column":20}},"38":{"start":{"line":73,"column":0},"end":{"line":73,"column":null}},"39":{"start":{"line":73,"column":30},"end":{"line":73,"column":35}},"40":{"start":{"line":75,"column":22},"end":{"line":77,"column":null}},"41":{"start":{"line":79,"column":25},"end":{"line":79,"column":32}},"42":{"start":{"line":79,"column":31},"end":{"line":81,"column":null}},"43":{"start":{"line":83,"column":21},"end":{"line":83,"column":68}},"44":{"start":{"line":84,"column":8},"end":{"line":84,"column":null}},"45":{"start":{"line":87,"column":4},"end":{"line":89,"column":null}},"46":{"start":{"line":88,"column":8},"end":{"line":88,"column":null}},"47":{"start":{"line":92,"column":8},"end":{"line":92,"column":null}},"48":{"start":{"line":94,"column":0},"end":{"line":94,"column":null}},"49":{"start":{"line":73,"column":13},"end":{"line":73,"column":21}}},"fnMap":{"0":{"name":"(anonymous_6)","decl":{"start":{"line":4,"column":0},"end":{"line":4,"column":13}},"loc":{"start":{"line":4,"column":0},"end":{"line":25,"column":null}}},"1":{"name":"HelloPage","decl":{"start":{"line":5,"column":4},"end":{"line":5,"column":16}},"loc":{"start":{"line":5,"column":32},"end":{"line":16,"column":5}}},"2":{"name":"(anonymous_8)","decl":{"start":{"line":10,"column":25},"end":{"line":10,"column":31}},"loc":{"start":{"line":10,"column":25},"end":{"line":10,"column":32}}},"3":{"name":"(anonymous_9)","decl":{"start":{"line":18,"column":4},"end":{"line":18,"column":8}},"loc":{"start":{"line":18,"column":4},"end":{"line":20,"column":5}}},"4":{"name":"(anonymous_10)","decl":{"start":{"line":22,"column":4},"end":{"line":22,"column":14}},"loc":{"start":{"line":22,"column":17},"end":{"line":24,"column":5}}},"5":{"name":"(anonymous_11)","decl":{"start":{"line":27,"column":0},"end":{"line":27,"column":13}},"loc":{"start":{"line":27,"column":0},"end":{"line":48,"column":null}}},"6":{"name":"LoginPage","decl":{"start":{"line":28,"column":4},"end":{"line":28,"column":16}},"loc":{"start":{"line":28,"column":32},"end":{"line":39,"column":5}}},"7":{"name":"(anonymous_13)","decl":{"start":{"line":33,"column":25},"end":{"line":33,"column":31}},"loc":{"start":{"line":33,"column":25},"end":{"line":33,"column":32}}},"8":{"name":"(anonymous_14)","decl":{"start":{"line":41,"column":4},"end":{"line":41,"column":8}},"loc":{"start":{"line":41,"column":4},"end":{"line":43,"column":5}}},"9":{"name":"(anonymous_15)","decl":{"start":{"line":45,"column":4},"end":{"line":45,"column":14}},"loc":{"start":{"line":45,"column":17},"end":{"line":47,"column":5}}},"10":{"name":"(anonymous_16)","decl":{"start":{"line":50,"column":0},"end":{"line":50,"column":13}},"loc":{"start":{"line":50,"column":0},"end":{"line":71,"column":null}}},"11":{"name":"ByePage","decl":{"start":{"line":51,"column":4},"end":{"line":51,"column":16}},"loc":{"start":{"line":51,"column":32},"end":{"line":62,"column":5}}},"12":{"name":"(anonymous_18)","decl":{"start":{"line":56,"column":25},"end":{"line":56,"column":31}},"loc":{"start":{"line":56,"column":25},"end":{"line":56,"column":32}}},"13":{"name":"(anonymous_19)","decl":{"start":{"line":64,"column":4},"end":{"line":64,"column":8}},"loc":{"start":{"line":64,"column":4},"end":{"line":66,"column":5}}},"14":{"name":"(anonymous_20)","decl":{"start":{"line":68,"column":4},"end":{"line":68,"column":14}},"loc":{"start":{"line":68,"column":17},"end":{"line":70,"column":5}}},"15":{"name":"(anonymous_21)","decl":{"start":{"line":73,"column":0},"end":{"line":73,"column":13}},"loc":{"start":{"line":73,"column":0},"end":{"line":94,"column":null}}},"16":{"name":"Register","decl":{"start":{"line":74,"column":4},"end":{"line":74,"column":16}},"loc":{"start":{"line":74,"column":32},"end":{"line":85,"column":5}}},"17":{"name":"(anonymous_23)","decl":{"start":{"line":79,"column":25},"end":{"line":79,"column":31}},"loc":{"start":{"line":79,"column":25},"end":{"line":79,"column":32}}},"18":{"name":"(anonymous_24)","decl":{"start":{"line":87,"column":4},"end":{"line":87,"column":8}},"loc":{"start":{"line":87,"column":4},"end":{"line":89,"column":5}}},"19":{"name":"(anonymous_25)","decl":{"start":{"line":91,"column":4},"end":{"line":91,"column":14}},"loc":{"start":{"line":91,"column":17},"end":{"line":93,"column":5}}}},"branchMap":{"0":{"loc":{"start":{"line":15,"column":8},"end":{"line":15,"column":null}},"type":"binary-expr","locations":[{"start":{"line":15,"column":8},"end":{"line":15,"column":34}},{"start":{"line":15,"column":34},"end":{"line":15,"column":null}}]},"1":{"loc":{"start":{"line":38,"column":8},"end":{"line":38,"column":null}},"type":"binary-expr","locations":[{"start":{"line":38,"column":8},"end":{"line":38,"column":34}},{"start":{"line":38,"column":34},"end":{"line":38,"column":null}}]},"2":{"loc":{"start":{"line":61,"column":8},"end":{"line":61,"column":null}},"type":"binary-expr","locations":[{"start":{"line":61,"column":8},"end":{"line":61,"column":34}},{"start":{"line":61,"column":34},"end":{"line":61,"column":null}}]},"3":{"loc":{"start":{"line":84,"column":8},"end":{"line":84,"column":null}},"type":"binary-expr","locations":[{"start":{"line":84,"column":8},"end":{"line":84,"column":34}},{"start":{"line":84,"column":34},"end":{"line":84,"column":null}}]}},"s":{"0":1,"1":1,"2":1,"3":1,"4":1,"5":1,"6":2,"7":1,"8":1,"9":1,"10":0,"11":0,"12":1,"13":1,"14":1,"15":1,"16":1,"17":1,"18":2,"19":1,"20":1,"21":1,"22":0,"23":0,"24":1,"25":1,"26":1,"27":1,"28":1,"29":1,"30":2,"31":1,"32":1,"33":1,"34":0,"35":0,"36":1,"37":1,"38":1,"39":1,"40":1,"41":1,"42":2,"43":1,"44":1,"45":1,"46":0,"47":0,"48":1,"49":1},"f":{"0":1,"1":1,"2":2,"3":0,"4":0,"5":1,"6":1,"7":2,"8":0,"9":0,"10":1,"11":1,"12":2,"13":0,"14":0,"15":1,"16":1,"17":2,"18":0,"19":0},"b":{"0":[1,1],"1":[1,1],"2":[1,1],"3":[1,1]}}
,"/Users/werdner/Documents/werdner/middle.messenger.praktikum.yandex/src/core/Templator/HTMLParser.ts": {"path":"/Users/werdner/Documents/werdner/middle.messenger.praktikum.yandex/src/core/Templator/HTMLParser.ts","statementMap":{"0":{"start":{"line":2,"column":0},"end":{"line":2,"column":43}},"1":{"start":{"line":4,"column":0},"end":{"line":4,"column":13}},"2":{"start":{"line":11,"column":8},"end":{"line":11,"column":27}},"3":{"start":{"line":12,"column":8},"end":{"line":12,"column":24}},"4":{"start":{"line":13,"column":8},"end":{"line":13,"column":32}},"5":{"start":{"line":16,"column":12},"end":{"line":19,"column":null}},"6":{"start":{"line":17,"column":26},"end":{"line":17,"column":31}},"7":{"start":{"line":18,"column":8},"end":{"line":18,"column":39}},"8":{"start":{"line":21,"column":13},"end":{"line":30,"column":null}},"9":{"start":{"line":22,"column":14},"end":{"line":22,"column":118}},"10":{"start":{"line":23,"column":12},"end":{"line":23,"column":25}},"11":{"start":{"line":25,"column":8},"end":{"line":25,"column":33}},"12":{"start":{"line":25,"column":26},"end":{"line":25,"column":33}},"13":{"start":{"line":27,"column":15},"end":{"line":27,"column":null}},"14":{"start":{"line":27,"column":53},"end":{"line":27,"column":null}},"15":{"start":{"line":28,"column":12},"end":{"line":28,"column":24}},"16":{"start":{"line":32,"column":12},"end":{"line":48,"column":null}},"17":{"start":{"line":33,"column":30},"end":{"line":33,"column":67}},"18":{"start":{"line":34,"column":39},"end":{"line":34,"column":41}},"19":{"start":{"line":35,"column":20},"end":{"line":35,"column":24}},"20":{"start":{"line":37,"column":8},"end":{"line":45,"column":null}},"21":{"start":{"line":39,"column":12},"end":{"line":44,"column":null}},"22":{"start":{"line":40,"column":30},"end":{"line":40,"column":59}},"23":{"start":{"line":41,"column":16},"end":{"line":41,"column":76}},"24":{"start":{"line":41,"column":27},"end":{"line":41,"column":76}},"25":{"start":{"line":43,"column":16},"end":{"line":43,"column":51}},"26":{"start":{"line":47,"column":8},"end":{"line":47,"column":22}},"27":{"start":{"line":50,"column":12},"end":{"line":57,"column":null}},"28":{"start":{"line":51,"column":19},"end":{"line":54,"column":10}},"29":{"start":{"line":56,"column":8},"end":{"line":56,"column":18}},"30":{"start":{"line":59,"column":4},"end":{"line":111,"column":null}},"31":{"start":{"line":60,"column":8},"end":{"line":60,"column":29}},"32":{"start":{"line":61,"column":8},"end":{"line":61,"column":31}},"33":{"start":{"line":62,"column":23},"end":{"line":62,"column":39}},"34":{"start":{"line":63,"column":27},"end":{"line":63,"column":46}},"35":{"start":{"line":65,"column":31},"end":{"line":65,"column":35}},"36":{"start":{"line":67,"column":8},"end":{"line":73,"column":null}},"37":{"start":{"line":68,"column":29},"end":{"line":68,"column":65}},"38":{"start":{"line":70,"column":12},"end":{"line":70,"column":113}},"39":{"start":{"line":72,"column":12},"end":{"line":72,"column":46}},"40":{"start":{"line":75,"column":8},"end":{"line":108,"column":null}},"41":{"start":{"line":76,"column":29},"end":{"line":76,"column":48}},"42":{"start":{"line":78,"column":12},"end":{"line":78,"column":33}},"43":{"start":{"line":78,"column":27},"end":{"line":78,"column":33}},"44":{"start":{"line":80,"column":12},"end":{"line":107,"column":null}},"45":{"start":{"line":81,"column":44},"end":{"line":81,"column":65}},"46":{"start":{"line":83,"column":16},"end":{"line":96,"column":null}},"47":{"start":{"line":84,"column":38},"end":{"line":84,"column":54}},"48":{"start":{"line":85,"column":20},"end":{"line":85,"column":59}},"49":{"start":{"line":87,"column":20},"end":{"line":92,"column":null}},"50":{"start":{"line":89,"column":24},"end":{"line":89,"column":66}},"51":{"start":{"line":91,"column":24},"end":{"line":91,"column":43}},"52":{"start":{"line":94,"column":20},"end":{"line":94,"column":69}},"53":{"start":{"line":95,"column":20},"end":{"line":95,"column":104}},"54":{"start":{"line":99,"column":33},"end":{"line":99,"column":65}},"55":{"start":{"line":100,"column":32},"end":{"line":100,"column":109}},"56":{"start":{"line":102,"column":16},"end":{"line":106,"column":null}},"57":{"start":{"line":103,"column":20},"end":{"line":103,"column":65}},"58":{"start":{"line":105,"column":20},"end":{"line":105,"column":45}},"59":{"start":{"line":110,"column":8},"end":{"line":110,"column":32}},"60":{"start":{"line":112,"column":0},"end":{"line":112,"column":null}},"61":{"start":{"line":4,"column":13},"end":{"line":4,"column":23}}},"fnMap":{"0":{"name":"(anonymous_6)","decl":{"start":{"line":4,"column":0},"end":{"line":4,"column":13}},"loc":{"start":{"line":4,"column":0},"end":{"line":112,"column":null}}},"1":{"name":"HTMLParser","decl":{"start":{"line":10,"column":4},"end":{"line":10,"column":null}},"loc":{"start":{"line":10,"column":4},"end":{"line":14,"column":5}}},"2":{"name":"(anonymous_8)","decl":{"start":{"line":16,"column":4},"end":{"line":16,"column":12}},"loc":{"start":{"line":16,"column":4},"end":{"line":19,"column":5}}},"3":{"name":"(anonymous_9)","decl":{"start":{"line":21,"column":4},"end":{"line":21,"column":13}},"loc":{"start":{"line":21,"column":4},"end":{"line":30,"column":null}}},"4":{"name":"(anonymous_11)","decl":{"start":{"line":32,"column":4},"end":{"line":32,"column":12}},"loc":{"start":{"line":32,"column":44},"end":{"line":48,"column":5}}},"5":{"name":"(anonymous_12)","decl":{"start":{"line":50,"column":4},"end":{"line":50,"column":12}},"loc":{"start":{"line":50,"column":92},"end":{"line":57,"column":5}}},"6":{"name":"(anonymous_13)","decl":{"start":{"line":59,"column":4},"end":{"line":59,"column":13}},"loc":{"start":{"line":59,"column":47},"end":{"line":111,"column":5}}}},"branchMap":{"0":{"loc":{"start":{"line":25,"column":8},"end":{"line":25,"column":33}},"type":"if","locations":[{"start":{"line":25,"column":8},"end":{"line":25,"column":33}}]},"1":{"loc":{"start":{"line":27,"column":15},"end":{"line":27,"column":null}},"type":"if","locations":[{"start":{"line":27,"column":15},"end":{"line":27,"column":null}}]},"2":{"loc":{"start":{"line":39,"column":12},"end":{"line":44,"column":null}},"type":"if","locations":[{"start":{"line":39,"column":12},"end":{"line":44,"column":null}},{"start":{"line":42,"column":19},"end":{"line":44,"column":null}}]},"3":{"loc":{"start":{"line":39,"column":16},"end":{"line":39,"column":52}},"type":"binary-expr","locations":[{"start":{"line":39,"column":16},"end":{"line":39,"column":36}},{"start":{"line":39,"column":40},"end":{"line":39,"column":52}}]},"4":{"loc":{"start":{"line":41,"column":16},"end":{"line":41,"column":76}},"type":"if","locations":[{"start":{"line":41,"column":16},"end":{"line":41,"column":76}}]},"5":{"loc":{"start":{"line":67,"column":8},"end":{"line":73,"column":null}},"type":"if","locations":[{"start":{"line":67,"column":8},"end":{"line":73,"column":null}}]},"6":{"loc":{"start":{"line":68,"column":29},"end":{"line":68,"column":65}},"type":"cond-expr","locations":[{"start":{"line":68,"column":45},"end":{"line":68,"column":60}},{"start":{"line":68,"column":63},"end":{"line":68,"column":65}}]},"7":{"loc":{"start":{"line":78,"column":12},"end":{"line":78,"column":33}},"type":"if","locations":[{"start":{"line":78,"column":12},"end":{"line":78,"column":33}}]},"8":{"loc":{"start":{"line":80,"column":12},"end":{"line":107,"column":null}},"type":"if","locations":[{"start":{"line":80,"column":12},"end":{"line":107,"column":null}},{"start":{"line":98,"column":19},"end":{"line":107,"column":null}}]},"9":{"loc":{"start":{"line":83,"column":16},"end":{"line":96,"column":null}},"type":"if","locations":[{"start":{"line":83,"column":16},"end":{"line":96,"column":null}},{"start":{"line":93,"column":23},"end":{"line":96,"column":null}}]},"10":{"loc":{"start":{"line":83,"column":20},"end":{"line":83,"column":74}},"type":"binary-expr","locations":[{"start":{"line":83,"column":20},"end":{"line":83,"column":58}},{"start":{"line":83,"column":62},"end":{"line":83,"column":74}}]},"11":{"loc":{"start":{"line":87,"column":20},"end":{"line":92,"column":null}},"type":"if","locations":[{"start":{"line":87,"column":20},"end":{"line":92,"column":null}},{"start":{"line":90,"column":27},"end":{"line":92,"column":null}}]},"12":{"loc":{"start":{"line":87,"column":24},"end":{"line":87,"column":53}},"type":"binary-expr","locations":[{"start":{"line":87,"column":24},"end":{"line":87,"column":35}},{"start":{"line":87,"column":39},"end":{"line":87,"column":53}}]},"13":{"loc":{"start":{"line":99,"column":33},"end":{"line":99,"column":65}},"type":"cond-expr","locations":[{"start":{"line":99,"column":47},"end":{"line":99,"column":60}},{"start":{"line":99,"column":63},"end":{"line":99,"column":65}}]},"14":{"loc":{"start":{"line":102,"column":16},"end":{"line":106,"column":null}},"type":"if","locations":[{"start":{"line":102,"column":16},"end":{"line":106,"column":null}},{"start":{"line":104,"column":23},"end":{"line":106,"column":null}}]}},"s":{"0":3,"1":3,"2":11,"3":11,"4":11,"5":3,"6":32,"7":32,"8":3,"9":11,"10":11,"11":11,"12":0,"13":32,"14":0,"15":53,"16":3,"17":16,"18":16,"19":16,"20":16,"21":9,"22":0,"23":0,"24":0,"25":9,"26":16,"27":3,"28":16,"29":16,"30":3,"31":11,"32":11,"33":11,"34":11,"35":11,"36":11,"37":11,"38":11,"39":11,"40":11,"41":21,"42":21,"43":0,"44":21,"45":16,"46":16,"47":16,"48":16,"49":16,"50":5,"51":11,"52":0,"53":0,"54":5,"55":5,"56":5,"57":0,"58":5,"59":0,"60":3,"61":3},"f":{"0":3,"1":11,"2":32,"3":11,"4":16,"5":16,"6":11},"b":{"0":[0],"1":[0],"2":[0,9],"3":[9,1],"4":[0],"5":[11],"6":[6,5],"7":[0],"8":[16,5],"9":[16,0],"10":[16,0],"11":[5,11],"12":[16,16],"13":[5,0],"14":[0,5]}}
,"/Users/werdner/Documents/werdner/middle.messenger.praktikum.yandex/src/core/Templator/Templator.ts": {"path":"/Users/werdner/Documents/werdner/middle.messenger.praktikum.yandex/src/core/Templator/Templator.ts","statementMap":{"0":{"start":{"line":1,"column":0},"end":{"line":1,"column":42}},"1":{"start":{"line":6,"column":0},"end":{"line":6,"column":13}},"2":{"start":{"line":15,"column":8},"end":{"line":15,"column":33}},"3":{"start":{"line":16,"column":8},"end":{"line":16,"column":28}},"4":{"start":{"line":17,"column":8},"end":{"line":17,"column":39}},"5":{"start":{"line":18,"column":8},"end":{"line":18,"column":39}},"6":{"start":{"line":19,"column":8},"end":{"line":19,"column":27}},"7":{"start":{"line":22,"column":12},"end":{"line":41,"column":null}},"8":{"start":{"line":22,"column":26},"end":{"line":22,"column":null}},"9":{"start":{"line":23,"column":8},"end":{"line":23,"column":32}},"10":{"start":{"line":23,"column":20},"end":{"line":23,"column":32}},"11":{"start":{"line":24,"column":8},"end":{"line":24,"column":34}},"12":{"start":{"line":24,"column":27},"end":{"line":24,"column":34}},"13":{"start":{"line":26,"column":8},"end":{"line":35,"column":null}},"14":{"start":{"line":27,"column":25},"end":{"line":27,"column":51}},"15":{"start":{"line":29,"column":26},"end":{"line":29,"column":77}},"16":{"start":{"line":29,"column":53},"end":{"line":29,"column":64}},"17":{"start":{"line":31,"column":12},"end":{"line":34,"column":14}},"18":{"start":{"line":37,"column":8},"end":{"line":40,"column":10}},"19":{"start":{"line":43,"column":11},"end":{"line":62,"column":null}},"20":{"start":{"line":44,"column":28},"end":{"line":44,"column":32}},"21":{"start":{"line":45,"column":21},"end":{"line":45,"column":46}},"22":{"start":{"line":46,"column":8},"end":{"line":46,"column":31}},"23":{"start":{"line":48,"column":8},"end":{"line":59,"column":null}},"24":{"start":{"line":50,"column":12},"end":{"line":52,"column":null}},"25":{"start":{"line":51,"column":16},"end":{"line":51,"column":25}},"26":{"start":{"line":54,"column":35},"end":{"line":54,"column":48}},"27":{"start":{"line":56,"column":12},"end":{"line":56,"column":61}},"28":{"start":{"line":56,"column":38},"end":{"line":56,"column":61}},"29":{"start":{"line":58,"column":12},"end":{"line":58,"column":68}},"30":{"start":{"line":61,"column":8},"end":{"line":61,"column":22}},"31":{"start":{"line":64,"column":11},"end":{"line":67,"column":null}},"32":{"start":{"line":65,"column":8},"end":{"line":65,"column":30}},"33":{"start":{"line":66,"column":8},"end":{"line":66,"column":55}},"34":{"start":{"line":69,"column":11},"end":{"line":74,"column":null}},"35":{"start":{"line":70,"column":8},"end":{"line":70,"column":29}},"36":{"start":{"line":72,"column":21},"end":{"line":72,"column":82}},"37":{"start":{"line":73,"column":8},"end":{"line":73,"column":20}},"38":{"start":{"line":75,"column":0},"end":{"line":75,"column":null}},"39":{"start":{"line":6,"column":13},"end":{"line":6,"column":22}}},"fnMap":{"0":{"name":"(anonymous_0)","decl":{"start":{"line":6,"column":0},"end":{"line":6,"column":13}},"loc":{"start":{"line":6,"column":0},"end":{"line":75,"column":null}}},"1":{"name":"Templator","decl":{"start":{"line":14,"column":4},"end":{"line":14,"column":16}},"loc":{"start":{"line":14,"column":94},"end":{"line":20,"column":5}}},"2":{"name":"(anonymous_2)","decl":{"start":{"line":22,"column":4},"end":{"line":22,"column":12}},"loc":{"start":{"line":22,"column":77},"end":{"line":41,"column":5}}},"3":{"name":"(anonymous_3)","decl":{"start":{"line":29,"column":38},"end":{"line":29,"column":39}},"loc":{"start":{"line":29,"column":48},"end":{"line":29,"column":56}}},"4":{"name":"(anonymous_4)","decl":{"start":{"line":43,"column":4},"end":{"line":43,"column":11}},"loc":{"start":{"line":43,"column":45},"end":{"line":62,"column":5}}},"5":{"name":"(anonymous_5)","decl":{"start":{"line":64,"column":4},"end":{"line":64,"column":11}},"loc":{"start":{"line":64,"column":55},"end":{"line":67,"column":5}}},"6":{"name":"(anonymous_6)","decl":{"start":{"line":69,"column":4},"end":{"line":69,"column":11}},"loc":{"start":{"line":69,"column":53},"end":{"line":74,"column":5}}}},"branchMap":{"0":{"loc":{"start":{"line":22,"column":26},"end":{"line":22,"column":null}},"type":"if","locations":[{"start":{"line":22,"column":26},"end":{"line":22,"column":null}}]},"1":{"loc":{"start":{"line":23,"column":8},"end":{"line":23,"column":32}},"type":"if","locations":[{"start":{"line":23,"column":8},"end":{"line":23,"column":32}}]},"2":{"loc":{"start":{"line":24,"column":8},"end":{"line":24,"column":34}},"type":"if","locations":[{"start":{"line":24,"column":8},"end":{"line":24,"column":34}}]},"3":{"loc":{"start":{"line":26,"column":8},"end":{"line":35,"column":null}},"type":"if","locations":[{"start":{"line":26,"column":8},"end":{"line":35,"column":null}}]},"4":{"loc":{"start":{"line":50,"column":12},"end":{"line":52,"column":null}},"type":"if","locations":[{"start":{"line":50,"column":12},"end":{"line":52,"column":null}}]},"5":{"loc":{"start":{"line":50,"column":16},"end":{"line":50,"column":55}},"type":"binary-expr","locations":[{"start":{"line":50,"column":16},"end":{"line":50,"column":29}},{"start":{"line":50,"column":33},"end":{"line":50,"column":55}}]},"6":{"loc":{"start":{"line":50,"column":34},"end":{"line":50,"column":53}},"type":"cond-expr","locations":[{"start":{"line":50,"column":46},"end":{"line":50,"column":48}},{"start":{"line":50,"column":34},"end":{"line":50,"column":53}}]},"7":{"loc":{"start":{"line":50,"column":34},"end":{"line":50,"column":48}},"type":"binary-expr","locations":[{"start":{"line":50,"column":34},"end":{"line":50,"column":48}},{"start":{"line":50,"column":34},"end":{"line":50,"column":48}}]},"8":{"loc":{"start":{"line":56,"column":12},"end":{"line":56,"column":61}},"type":"if","locations":[{"start":{"line":56,"column":12},"end":{"line":56,"column":61}}]}},"s":{"0":3,"1":3,"2":11,"3":11,"4":11,"5":11,"6":11,"7":3,"8":28,"9":14,"10":12,"11":2,"12":0,"13":2,"14":0,"15":0,"16":0,"17":0,"18":2,"19":3,"20":12,"21":12,"22":12,"23":12,"24":2,"25":0,"26":4,"27":2,"28":0,"29":2,"30":12,"31":3,"32":1,"33":1,"34":3,"35":11,"36":11,"37":11,"38":3,"39":3},"f":{"0":3,"1":11,"2":14,"3":0,"4":12,"5":1,"6":11},"b":{"0":[14],"1":[12],"2":[0],"3":[0],"4":[0],"5":[2,2],"6":[0,2],"7":[2,2],"8":[0]}}
,"/Users/werdner/Documents/werdner/middle.messenger.praktikum.yandex/src/core/Templator/index.ts": {"path":"/Users/werdner/Documents/werdner/middle.messenger.praktikum.yandex/src/core/Templator/index.ts","statementMap":{"0":{"start":{"line":1,"column":0},"end":{"line":1,"column":9}},"1":{"start":{"line":1,"column":9},"end":{"line":1,"column":40}}},"fnMap":{"0":{"name":"(anonymous_0)","decl":{"start":{"line":1,"column":9},"end":{"line":1,"column":18}},"loc":{"start":{"line":1,"column":9},"end":{"line":1,"column":40}}}},"branchMap":{},"s":{"0":2,"1":11},"f":{"0":9},"b":{}}
,"/Users/werdner/Documents/werdner/middle.messenger.praktikum.yandex/src/core/vdom/VDom.ts": {"path":"/Users/werdner/Documents/werdner/middle.messenger.praktikum.yandex/src/core/vdom/VDom.ts","statementMap":{"0":{"start":{"line":1,"column":0},"end":{"line":1,"column":34}},"1":{"start":{"line":11,"column":0},"end":{"line":11,"column":13}},"2":{"start":{"line":12,"column":4},"end":{"line":20,"column":6}},"3":{"start":{"line":12,"column":21},"end":{"line":12,"column":43}},"4":{"start":{"line":12,"column":45},"end":{"line":12,"column":50}},"5":{"start":{"line":12,"column":50},"end":{"line":12,"column":57}},"6":{"start":{"line":12,"column":57},"end":{"line":12,"column":65}},"7":{"start":{"line":12,"column":65},"end":{"line":12,"column":96}},"8":{"start":{"line":13,"column":22},"end":{"line":13,"column":41}},"9":{"start":{"line":15,"column":8},"end":{"line":19,"column":11}},"10":{"start":{"line":22,"column":4},"end":{"line":28,"column":6}},"11":{"start":{"line":23,"column":45},"end":{"line":23,"column":47}},"12":{"start":{"line":24,"column":8},"end":{"line":26,"column":null}},"13":{"start":{"line":24,"column":21},"end":{"line":24,"column":22}},"14":{"start":{"line":25,"column":12},"end":{"line":25,"column":40}},"15":{"start":{"line":27,"column":8},"end":{"line":27,"column":22}},"16":{"start":{"line":30,"column":4},"end":{"line":93,"column":6}},"17":{"start":{"line":31,"column":64},"end":{"line":31,"column":66}},"18":{"start":{"line":32,"column":21},"end":{"line":32,"column":42}},"19":{"start":{"line":35,"column":24},"end":{"line":35,"column":31}},"20":{"start":{"line":36,"column":26},"end":{"line":36,"column":39}},"21":{"start":{"line":37,"column":29},"end":{"line":37,"column":42}},"22":{"start":{"line":39,"column":12},"end":{"line":66,"column":15}},"23":{"start":{"line":40,"column":16},"end":{"line":64,"column":null}},"24":{"start":{"line":41,"column":20},"end":{"line":41,"column":61}},"25":{"start":{"line":41,"column":49},"end":{"line":41,"column":61}},"26":{"start":{"line":43,"column":20},"end":{"line":63,"column":null}},"27":{"start":{"line":44,"column":43},"end":{"line":44,"column":98}},"28":{"start":{"line":45,"column":43},"end":{"line":45,"column":59}},"29":{"start":{"line":47,"column":24},"end":{"line":60,"column":null}},"30":{"start":{"line":47,"column":37},"end":{"line":47,"column":38}},"31":{"start":{"line":48,"column":28},"end":{"line":59,"column":null}},"32":{"start":{"line":50,"column":36},"end":{"line":50,"column":73}},"33":{"start":{"line":51,"column":36},"end":{"line":51,"column":70}},"34":{"start":{"line":52,"column":36},"end":{"line":52,"column":42}},"35":{"start":{"line":54,"column":36},"end":{"line":54,"column":73}},"36":{"start":{"line":55,"column":36},"end":{"line":55,"column":42}},"37":{"start":{"line":57,"column":36},"end":{"line":57,"column":70}},"38":{"start":{"line":58,"column":36},"end":{"line":58,"column":42}},"39":{"start":{"line":62,"column":24},"end":{"line":62,"column":54}},"40":{"start":{"line":65,"column":16},"end":{"line":65,"column":28}},"41":{"start":{"line":34,"column":8},"end":{"line":67,"column":null}},"42":{"start":{"line":34,"column":21},"end":{"line":34,"column":22}},"43":{"start":{"line":34,"column":17},"end":{"line":34,"column":21}},"44":{"start":{"line":70,"column":12},"end":{"line":84,"column":null}},"45":{"start":{"line":71,"column":16},"end":{"line":83,"column":19}},"46":{"start":{"line":72,"column":20},"end":{"line":80,"column":null}},"47":{"start":{"line":73,"column":41},"end":{"line":73,"column":54}},"48":{"start":{"line":75,"column":24},"end":{"line":77,"column":null}},"49":{"start":{"line":76,"column":28},"end":{"line":76,"column":77}},"50":{"start":{"line":79,"column":24},"end":{"line":79,"column":50}},"51":{"start":{"line":82,"column":20},"end":{"line":82,"column":32}},"52":{"start":{"line":69,"column":8},"end":{"line":85,"column":null}},"53":{"start":{"line":69,"column":19},"end":{"line":69,"column":26}},"54":{"start":{"line":87,"column":8},"end":{"line":92,"column":10}},"55":{"start":{"line":88,"column":12},"end":{"line":90,"column":null}},"56":{"start":{"line":88,"column":32},"end":{"line":88,"column":39}},"57":{"start":{"line":88,"column":28},"end":{"line":88,"column":32}},"58":{"start":{"line":89,"column":16},"end":{"line":89,"column":28}},"59":{"start":{"line":91,"column":12},"end":{"line":91,"column":24}},"60":{"start":{"line":95,"column":4},"end":{"line":128,"column":6}},"61":{"start":{"line":96,"column":38},"end":{"line":96,"column":40}},"62":{"start":{"line":98,"column":8},"end":{"line":101,"column":11}},"63":{"start":{"line":99,"column":26},"end":{"line":99,"column":63}},"64":{"start":{"line":100,"column":12},"end":{"line":100,"column":47}},"65":{"start":{"line":100,"column":22},"end":{"line":100,"column":47}},"66":{"start":{"line":103,"column":43},"end":{"line":103,"column":45}},"67":{"start":{"line":104,"column":38},"end":{"line":104,"column":63}},"68":{"start":{"line":107,"column":12},"end":{"line":110,"column":15}},"69":{"start":{"line":108,"column":16},"end":{"line":108,"column":59}},"70":{"start":{"line":109,"column":16},"end":{"line":109,"column":28}},"71":{"start":{"line":106,"column":8},"end":{"line":111,"column":null}},"72":{"start":{"line":106,"column":39},"end":{"line":106,"column":51}},"73":{"start":{"line":106,"column":39},"end":{"line":106,"column":78}},"74":{"start":{"line":106,"column":35},"end":{"line":106,"column":39}},"75":{"start":{"line":106,"column":19},"end":{"line":106,"column":39}},"76":{"start":{"line":113,"column":8},"end":{"line":127,"column":10}},"77":{"start":{"line":114,"column":12},"end":{"line":118,"column":null}},"78":{"start":{"line":115,"column":16},"end":{"line":117,"column":null}},"79":{"start":{"line":116,"column":20},"end":{"line":116,"column":57}},"80":{"start":{"line":119,"column":12},"end":{"line":121,"column":null}},"81":{"start":{"line":119,"column":41},"end":{"line":119,"column":45}},"82":{"start":{"line":119,"column":41},"end":{"line":119,"column":82}},"83":{"start":{"line":119,"column":23},"end":{"line":119,"column":24}},"84":{"start":{"line":119,"column":29},"end":{"line":119,"column":31}},"85":{"start":{"line":119,"column":36},"end":{"line":119,"column":37}},"86":{"start":{"line":120,"column":16},"end":{"line":120,"column":29}},"87":{"start":{"line":123,"column":12},"end":{"line":125,"column":null}},"88":{"start":{"line":123,"column":32},"end":{"line":123,"column":49}},"89":{"start":{"line":123,"column":28},"end":{"line":123,"column":32}},"90":{"start":{"line":124,"column":16},"end":{"line":124,"column":30}},"91":{"start":{"line":126,"column":12},"end":{"line":126,"column":26}},"92":{"start":{"line":130,"column":4},"end":{"line":175,"column":null}},"93":{"start":{"line":131,"column":8},"end":{"line":138,"column":null}},"94":{"start":{"line":132,"column":12},"end":{"line":137,"column":14}},"95":{"start":{"line":133,"column":16},"end":{"line":135,"column":null}},"96":{"start":{"line":134,"column":20},"end":{"line":134,"column":34}},"97":{"start":{"line":136,"column":16},"end":{"line":136,"column":33}},"98":{"start":{"line":140,"column":8},"end":{"line":153,"column":null}},"99":{"start":{"line":142,"column":12},"end":{"line":152,"column":null}},"100":{"start":{"line":143,"column":16},"end":{"line":149,"column":18}},"101":{"start":{"line":144,"column":36},"end":{"line":144,"column":52}},"102":{"start":{"line":145,"column":20},"end":{"line":147,"column":null}},"103":{"start":{"line":146,"column":24},"end":{"line":146,"column":50}},"104":{"start":{"line":148,"column":24},"end":{"line":148,"column":39}},"105":{"start":{"line":151,"column":16},"end":{"line":151,"column":44}},"106":{"start":{"line":151,"column":39},"end":{"line":151,"column":44}},"107":{"start":{"line":155,"column":8},"end":{"line":163,"column":null}},"108":{"start":{"line":156,"column":12},"end":{"line":162,"column":14}},"109":{"start":{"line":157,"column":32},"end":{"line":157,"column":48}},"110":{"start":{"line":158,"column":16},"end":{"line":160,"column":null}},"111":{"start":{"line":159,"column":20},"end":{"line":159,"column":46}},"112":{"start":{"line":161,"column":16},"end":{"line":161,"column":31}},"113":{"start":{"line":165,"column":27},"end":{"line":165,"column":73}},"114":{"start":{"line":166,"column":30},"end":{"line":166,"column":85}},"115":{"start":{"line":168,"column":8},"end":{"line":174,"column":10}},"116":{"start":{"line":169,"column":12},"end":{"line":171,"column":null}},"117":{"start":{"line":170,"column":16},"end":{"line":170,"column":33}},"118":{"start":{"line":172,"column":12},"end":{"line":172,"column":32}},"119":{"start":{"line":173,"column":12},"end":{"line":173,"column":24}},"120":{"start":{"line":177,"column":0},"end":{"line":177,"column":null}},"121":{"start":{"line":11,"column":13},"end":{"line":11,"column":17}}},"fnMap":{"0":{"name":"(anonymous_0)","decl":{"start":{"line":11,"column":0},"end":{"line":11,"column":13}},"loc":{"start":{"line":11,"column":0},"end":{"line":177,"column":null}}},"1":{"name":"(anonymous_2)","decl":{"start":{"line":12,"column":20},"end":{"line":12,"column":21}},"loc":{"start":{"line":12,"column":96},"end":{"line":20,"column":5}}},"2":{"name":"(anonymous_3)","decl":{"start":{"line":22,"column":10},"end":{"line":22,"column":11}},"loc":{"start":{"line":22,"column":49},"end":{"line":28,"column":5}}},"3":{"name":"(anonymous_4)","decl":{"start":{"line":30,"column":16},"end":{"line":30,"column":17}},"loc":{"start":{"line":30,"column":67},"end":{"line":93,"column":5}}},"4":{"name":"(anonymous_6)","decl":{"start":{"line":39,"column":25},"end":{"line":39,"column":26}},"loc":{"start":{"line":39,"column":43},"end":{"line":66,"column":13}}},"5":{"name":"(anonymous_8)","decl":{"start":{"line":71,"column":29},"end":{"line":71,"column":30}},"loc":{"start":{"line":71,"column":47},"end":{"line":83,"column":17}}},"6":{"name":"(anonymous_9)","decl":{"start":{"line":87,"column":15},"end":{"line":87,"column":16}},"loc":{"start":{"line":87,"column":33},"end":{"line":92,"column":9}}},"7":{"name":"(anonymous_10)","decl":{"start":{"line":95,"column":19},"end":{"line":95,"column":20}},"loc":{"start":{"line":95,"column":84},"end":{"line":128,"column":5}}},"8":{"name":"(anonymous_11)","decl":{"start":{"line":98,"column":29},"end":{"line":98,"column":30}},"loc":{"start":{"line":98,"column":42},"end":{"line":101,"column":9}}},"9":{"name":"(anonymous_13)","decl":{"start":{"line":107,"column":35},"end":{"line":107,"column":36}},"loc":{"start":{"line":107,"column":46},"end":{"line":110,"column":13}}},"10":{"name":"(anonymous_14)","decl":{"start":{"line":113,"column":15},"end":{"line":113,"column":16}},"loc":{"start":{"line":113,"column":28},"end":{"line":127,"column":9}}},"11":{"name":"(anonymous_15)","decl":{"start":{"line":130,"column":4},"end":{"line":130,"column":8}},"loc":{"start":{"line":130,"column":60},"end":{"line":175,"column":5}}},"12":{"name":"(anonymous_16)","decl":{"start":{"line":132,"column":19},"end":{"line":132,"column":20}},"loc":{"start":{"line":132,"column":30},"end":{"line":137,"column":13}}},"13":{"name":"(anonymous_17)","decl":{"start":{"line":143,"column":23},"end":{"line":143,"column":24}},"loc":{"start":{"line":143,"column":34},"end":{"line":149,"column":17}}},"14":{"name":"(anonymous_18)","decl":{"start":{"line":151,"column":23},"end":{"line":151,"column":24}},"loc":{"start":{"line":151,"column":34},"end":{"line":151,"column":43}}},"15":{"name":"(anonymous_19)","decl":{"start":{"line":156,"column":19},"end":{"line":156,"column":20}},"loc":{"start":{"line":156,"column":24},"end":{"line":162,"column":13}}},"16":{"name":"(anonymous_20)","decl":{"start":{"line":168,"column":15},"end":{"line":168,"column":16}},"loc":{"start":{"line":168,"column":26},"end":{"line":174,"column":9}}}},"branchMap":{"0":{"loc":{"start":{"line":12,"column":21},"end":{"line":12,"column":43}},"type":"if","locations":[{"start":{"line":12,"column":21},"end":{"line":12,"column":43}}]},"1":{"loc":{"start":{"line":12,"column":50},"end":{"line":12,"column":57}},"type":"cond-expr","locations":[{"start":{"line":12,"column":53},"end":{"line":12,"column":55}},{"start":{"line":12,"column":55},"end":{"line":12,"column":57}}]},"2":{"loc":{"start":{"line":12,"column":65},"end":{"line":12,"column":96}},"type":"cond-expr","locations":[{"start":{"line":12,"column":68},"end":{"line":12,"column":70}},{"start":{"line":12,"column":70},"end":{"line":12,"column":96}}]},"3":{"loc":{"start":{"line":40,"column":16},"end":{"line":64,"column":null}},"type":"if","locations":[{"start":{"line":40,"column":16},"end":{"line":64,"column":null}}]},"4":{"loc":{"start":{"line":41,"column":20},"end":{"line":41,"column":61}},"type":"if","locations":[{"start":{"line":41,"column":20},"end":{"line":41,"column":61}}]},"5":{"loc":{"start":{"line":43,"column":20},"end":{"line":63,"column":null}},"type":"if","locations":[{"start":{"line":43,"column":20},"end":{"line":63,"column":null}},{"start":{"line":61,"column":27},"end":{"line":63,"column":null}}]},"6":{"loc":{"start":{"line":44,"column":43},"end":{"line":44,"column":98}},"type":"cond-expr","locations":[{"start":{"line":44,"column":74},"end":{"line":44,"column":93}},{"start":{"line":44,"column":96},"end":{"line":44,"column":98}}]},"7":{"loc":{"start":{"line":48,"column":28},"end":{"line":59,"column":null}},"type":"switch","locations":[{"start":{"line":49,"column":32},"end":{"line":52,"column":42}},{"start":{"line":53,"column":32},"end":{"line":55,"column":42}},{"start":{"line":56,"column":32},"end":{"line":58,"column":42}}]},"8":{"loc":{"start":{"line":53,"column":37},"end":{"line":53,"column":68}},"type":"binary-expr","locations":[{"start":{"line":53,"column":37},"end":{"line":53,"column":51}},{"start":{"line":53,"column":55},"end":{"line":53,"column":68}}]},"9":{"loc":{"start":{"line":70,"column":12},"end":{"line":84,"column":null}},"type":"if","locations":[{"start":{"line":70,"column":12},"end":{"line":84,"column":null}}]},"10":{"loc":{"start":{"line":72,"column":20},"end":{"line":80,"column":null}},"type":"if","locations":[{"start":{"line":72,"column":20},"end":{"line":80,"column":null}},{"start":{"line":78,"column":27},"end":{"line":80,"column":null}}]},"11":{"loc":{"start":{"line":75,"column":24},"end":{"line":77,"column":null}},"type":"if","locations":[{"start":{"line":75,"column":24},"end":{"line":77,"column":null}}]},"12":{"loc":{"start":{"line":100,"column":12},"end":{"line":100,"column":47}},"type":"if","locations":[{"start":{"line":100,"column":12},"end":{"line":100,"column":47}}]},"13":{"loc":{"start":{"line":114,"column":12},"end":{"line":118,"column":null}},"type":"if","locations":[{"start":{"line":114,"column":12},"end":{"line":118,"column":null}}]},"14":{"loc":{"start":{"line":114,"column":16},"end":{"line":114,"column":70}},"type":"binary-expr","locations":[{"start":{"line":114,"column":16},"end":{"line":114,"column":37}},{"start":{"line":114,"column":41},"end":{"line":114,"column":70}}]},"15":{"loc":{"start":{"line":131,"column":8},"end":{"line":138,"column":null}},"type":"if","locations":[{"start":{"line":131,"column":8},"end":{"line":138,"column":null}}]},"16":{"loc":{"start":{"line":133,"column":16},"end":{"line":135,"column":null}},"type":"if","locations":[{"start":{"line":133,"column":16},"end":{"line":135,"column":null}}]},"17":{"loc":{"start":{"line":140,"column":8},"end":{"line":153,"column":null}},"type":"if","locations":[{"start":{"line":140,"column":8},"end":{"line":153,"column":null}}]},"18":{"loc":{"start":{"line":140,"column":12},"end":{"line":141,"column":40}},"type":"binary-expr","locations":[{"start":{"line":140,"column":12},"end":{"line":140,"column":40}},{"start":{"line":141,"column":12},"end":{"line":141,"column":40}}]},"19":{"loc":{"start":{"line":142,"column":12},"end":{"line":152,"column":null}},"type":"if","locations":[{"start":{"line":142,"column":12},"end":{"line":152,"column":null}},{"start":{"line":150,"column":19},"end":{"line":152,"column":null}}]},"20":{"loc":{"start":{"line":145,"column":20},"end":{"line":147,"column":null}},"type":"if","locations":[{"start":{"line":145,"column":20},"end":{"line":147,"column":null}}]},"21":{"loc":{"start":{"line":145,"column":24},"end":{"line":145,"column":75}},"type":"binary-expr","locations":[{"start":{"line":145,"column":24},"end":{"line":145,"column":51}},{"start":{"line":145,"column":55},"end":{"line":145,"column":75}}]},"22":{"loc":{"start":{"line":155,"column":8},"end":{"line":163,"column":null}},"type":"if","locations":[{"start":{"line":155,"column":8},"end":{"line":163,"column":null}}]},"23":{"loc":{"start":{"line":158,"column":16},"end":{"line":160,"column":null}},"type":"if","locations":[{"start":{"line":158,"column":16},"end":{"line":160,"column":null}}]},"24":{"loc":{"start":{"line":169,"column":12},"end":{"line":171,"column":null}},"type":"if","locations":[{"start":{"line":169,"column":12},"end":{"line":171,"column":null}}]}},"s":{"0":3,"1":23,"2":20,"3":25,"4":25,"5":25,"6":25,"7":25,"8":25,"9":25,"10":20,"11":0,"12":0,"13":0,"14":0,"15":0,"16":20,"17":0,"18":0,"19":0,"20":0,"21":0,"22":0,"23":0,"24":0,"25":0,"26":0,"27":0,"28":0,"29":0,"30":0,"31":0,"32":0,"33":0,"34":0,"35":0,"36":0,"37":0,"38":0,"39":0,"40":0,"41":0,"42":0,"43":0,"44":0,"45":0,"46":0,"47":0,"48":0,"49":0,"50":0,"51":0,"52":0,"53":0,"54":0,"55":0,"56":0,"57":0,"58":0,"59":0,"60":20,"61":0,"62":0,"63":0,"64":0,"65":0,"66":0,"67":0,"68":0,"69":0,"70":0,"71":0,"72":0,"73":0,"74":0,"75":0,"76":0,"77":0,"78":0,"79":0,"80":0,"81":0,"82":0,"83":0,"84":0,"85":0,"86":0,"87":0,"88":0,"89":0,"90":0,"91":0,"92":3,"93":0,"94":0,"95":0,"96":0,"97":0,"98":0,"99":0,"100":0,"101":0,"102":0,"103":0,"104":0,"105":0,"106":0,"107":0,"108":0,"109":0,"110":0,"111":0,"112":0,"113":0,"114":0,"115":0,"116":0,"117":0,"118":0,"119":0,"120":3,"121":3},"f":{"0":23,"1":25,"2":0,"3":0,"4":0,"5":0,"6":0,"7":0,"8":0,"9":0,"10":0,"11":0,"12":0,"13":0,"14":0,"15":0,"16":0},"b":{"0":[0],"1":[0,25],"2":[0,25],"3":[0],"4":[0],"5":[0,0],"6":[0,0],"7":[0,0,0],"8":[0,0],"9":[0],"10":[0,0],"11":[0],"12":[0],"13":[0],"14":[0,0],"15":[0],"16":[0],"17":[0],"18":[0,0],"19":[0,0],"20":[0],"21":[0,0],"22":[0],"23":[0],"24":[0]}}
,"/Users/werdner/Documents/werdner/middle.messenger.praktikum.yandex/src/core/vdom/index.ts": {"path":"/Users/werdner/Documents/werdner/middle.messenger.praktikum.yandex/src/core/vdom/index.ts","statementMap":{"0":{"start":{"line":1,"column":0},"end":{"line":1,"column":9}},"1":{"start":{"line":1,"column":9},"end":{"line":1,"column":37}}},"fnMap":{"0":{"name":"(anonymous_0)","decl":{"start":{"line":1,"column":9},"end":{"line":1,"column":13}},"loc":{"start":{"line":1,"column":9},"end":{"line":1,"column":37}}}},"branchMap":{},"s":{"0":2,"1":11},"f":{"0":9},"b":{}}
,"/Users/werdner/Documents/werdner/middle.messenger.praktikum.yandex/src/core/vdom/mount.ts": {"path":"/Users/werdner/Documents/werdner/middle.messenger.praktikum.yandex/src/core/vdom/mount.ts","statementMap":{"0":{"start":{"line":1,"column":21},"end":{"line":6,"column":1}},"1":{"start":{"line":2,"column":4},"end":{"line":2,"column":24}},"2":{"start":{"line":2,"column":17},"end":{"line":2,"column":24}},"3":{"start":{"line":4,"column":4},"end":{"line":4,"column":33}},"4":{"start":{"line":5,"column":4},"end":{"line":5,"column":16}},"5":{"start":{"line":1,"column":13},"end":{"line":1,"column":21}}},"fnMap":{"0":{"name":"(anonymous_0)","decl":{"start":{"line":1,"column":21},"end":{"line":1,"column":22}},"loc":{"start":{"line":1,"column":93},"end":{"line":6,"column":1}}}},"branchMap":{"0":{"loc":{"start":{"line":2,"column":4},"end":{"line":2,"column":24}},"type":"if","locations":[{"start":{"line":2,"column":4},"end":{"line":2,"column":24}}]}},"s":{"0":2,"1":4,"2":4,"3":0,"4":0,"5":2},"f":{"0":4},"b":{"0":[4]}}
,"/Users/werdner/Documents/werdner/middle.messenger.praktikum.yandex/src/core/vdom/render.ts": {"path":"/Users/werdner/Documents/werdner/middle.messenger.praktikum.yandex/src/core/vdom/render.ts","statementMap":{"0":{"start":{"line":3,"column":22},"end":{"line":30,"column":1}},"1":{"start":{"line":3,"column":32},"end":{"line":3,"column":34}},"2":{"start":{"line":3,"column":34},"end":{"line":3,"column":39}},"3":{"start":{"line":3,"column":39},"end":{"line":3,"column":46}},"4":{"start":{"line":3,"column":46},"end":{"line":3,"column":54}},"5":{"start":{"line":3,"column":54},"end":{"line":3,"column":68}},"6":{"start":{"line":4,"column":20},"end":{"line":4,"column":112}},"7":{"start":{"line":6,"column":4},"end":{"line":23,"column":null}},"8":{"start":{"line":6,"column":31},"end":{"line":6,"column":37}},"9":{"start":{"line":6,"column":31},"end":{"line":6,"column":52}},"10":{"start":{"line":6,"column":15},"end":{"line":6,"column":16}},"11":{"start":{"line":6,"column":19},"end":{"line":6,"column":21}},"12":{"start":{"line":6,"column":26},"end":{"line":6,"column":27}},"13":{"start":{"line":8,"column":8},"end":{"line":8,"column":62}},"14":{"start":{"line":8,"column":47},"end":{"line":8,"column":62}},"15":{"start":{"line":10,"column":8},"end":{"line":22,"column":null}},"16":{"start":{"line":11,"column":12},"end":{"line":11,"column":72}},"17":{"start":{"line":12,"column":15},"end":{"line":22,"column":null}},"18":{"start":{"line":13,"column":28},"end":{"line":13,"column":44}},"19":{"start":{"line":15,"column":12},"end":{"line":17,"column":15}},"20":{"start":{"line":16,"column":16},"end":{"line":16,"column":44}},"21":{"start":{"line":19,"column":12},"end":{"line":21,"column":null}},"22":{"start":{"line":20,"column":16},"end":{"line":20,"column":49}},"23":{"start":{"line":25,"column":4},"end":{"line":27,"column":null}},"24":{"start":{"line":25,"column":24},"end":{"line":25,"column":32}},"25":{"start":{"line":25,"column":20},"end":{"line":25,"column":24}},"26":{"start":{"line":26,"column":8},"end":{"line":26,"column":38}},"27":{"start":{"line":29,"column":4},"end":{"line":29,"column":19}},"28":{"start":{"line":32,"column":22},"end":{"line":38,"column":1}},"29":{"start":{"line":33,"column":4},"end":{"line":35,"column":null}},"30":{"start":{"line":34,"column":8},"end":{"line":34,"column":46}},"31":{"start":{"line":37,"column":4},"end":{"line":37,"column":32}},"32":{"start":{"line":32,"column":13},"end":{"line":32,"column":22}}},"fnMap":{"0":{"name":"(anonymous_0)","decl":{"start":{"line":3,"column":22},"end":{"line":3,"column":23}},"loc":{"start":{"line":3,"column":68},"end":{"line":30,"column":1}}},"1":{"name":"(anonymous_1)","decl":{"start":{"line":15,"column":28},"end":{"line":15,"column":29}},"loc":{"start":{"line":15,"column":33},"end":{"line":17,"column":13}}},"2":{"name":"(anonymous_2)","decl":{"start":{"line":32,"column":22},"end":{"line":32,"column":23}},"loc":{"start":{"line":32,"column":44},"end":{"line":38,"column":1}}}},"branchMap":{"0":{"loc":{"start":{"line":3,"column":39},"end":{"line":3,"column":46}},"type":"cond-expr","locations":[{"start":{"line":3,"column":42},"end":{"line":3,"column":44}},{"start":{"line":3,"column":44},"end":{"line":3,"column":46}}]},"1":{"loc":{"start":{"line":3,"column":54},"end":{"line":3,"column":68}},"type":"cond-expr","locations":[{"start":{"line":3,"column":57},"end":{"line":3,"column":59}},{"start":{"line":3,"column":59},"end":{"line":3,"column":68}}]},"2":{"loc":{"start":{"line":4,"column":20},"end":{"line":4,"column":112}},"type":"cond-expr","locations":[{"start":{"line":4,"column":45},"end":{"line":4,"column":78}},{"start":{"line":4,"column":81},"end":{"line":4,"column":112}}]},"3":{"loc":{"start":{"line":8,"column":8},"end":{"line":8,"column":62}},"type":"if","locations":[{"start":{"line":8,"column":8},"end":{"line":8,"column":62}}]},"4":{"loc":{"start":{"line":10,"column":8},"end":{"line":22,"column":null}},"type":"if","locations":[{"start":{"line":10,"column":8},"end":{"line":22,"column":null}},{"start":{"line":12,"column":15},"end":{"line":22,"column":null}}]},"5":{"loc":{"start":{"line":10,"column":12},"end":{"line":10,"column":56}},"type":"binary-expr","locations":[{"start":{"line":10,"column":12},"end":{"line":10,"column":27}},{"start":{"line":10,"column":31},"end":{"line":10,"column":56}}]},"6":{"loc":{"start":{"line":12,"column":15},"end":{"line":22,"column":null}},"type":"if","locations":[{"start":{"line":12,"column":15},"end":{"line":22,"column":null}},{"start":{"line":18,"column":15},"end":{"line":22,"column":null}}]},"7":{"loc":{"start":{"line":12,"column":19},"end":{"line":12,"column":67}},"type":"binary-expr","locations":[{"start":{"line":12,"column":19},"end":{"line":12,"column":38}},{"start":{"line":12,"column":42},"end":{"line":12,"column":67}}]},"8":{"loc":{"start":{"line":19,"column":12},"end":{"line":21,"column":null}},"type":"if","locations":[{"start":{"line":19,"column":12},"end":{"line":21,"column":null}}]},"9":{"loc":{"start":{"line":33,"column":4},"end":{"line":35,"column":null}},"type":"if","locations":[{"start":{"line":33,"column":4},"end":{"line":35,"column":null}}]}},"s":{"0":3,"1":5,"2":5,"3":5,"4":5,"5":5,"6":5,"7":5,"8":5,"9":5,"10":1,"11":1,"12":1,"13":1,"14":0,"15":1,"16":0,"17":1,"18":1,"19":1,"20":1,"21":0,"22":0,"23":5,"24":10,"25":5,"26":5,"27":5,"28":3,"29":9,"30":4,"31":5,"32":3},"f":{"0":5,"1":1,"2":9},"b":{"0":[0,5],"1":[0,5],"2":[0,5],"3":[0],"4":[0,1],"5":[1,0],"6":[1,0],"7":[1,1],"8":[0],"9":[4]}}
,"/Users/werdner/Documents/werdner/middle.messenger.praktikum.yandex/src/utils/isEqual.ts": {"path":"/Users/werdner/Documents/werdner/middle.messenger.praktikum.yandex/src/utils/isEqual.ts","statementMap":{"0":{"start":{"line":1,"column":0},"end":{"line":1,"column":61}},"1":{"start":{"line":4,"column":4},"end":{"line":4,"column":32}},"2":{"start":{"line":8,"column":4},"end":{"line":8,"column":50}},"3":{"start":{"line":12,"column":4},"end":{"line":14,"column":null}},"4":{"start":{"line":13,"column":8},"end":{"line":13,"column":21}},"5":{"start":{"line":16,"column":4},"end":{"line":28,"column":null}},"6":{"start":{"line":16,"column":31},"end":{"line":16,"column":37}},"7":{"start":{"line":16,"column":31},"end":{"line":16,"column":50}},"8":{"start":{"line":16,"column":15},"end":{"line":16,"column":16}},"9":{"start":{"line":16,"column":19},"end":{"line":16,"column":21}},"10":{"start":{"line":16,"column":26},"end":{"line":16,"column":27}},"11":{"start":{"line":17,"column":27},"end":{"line":17,"column":35}},"12":{"start":{"line":18,"column":8},"end":{"line":23,"column":null}},"13":{"start":{"line":19,"column":12},"end":{"line":21,"column":null}},"14":{"start":{"line":20,"column":16},"end":{"line":20,"column":25}},"15":{"start":{"line":22,"column":12},"end":{"line":22,"column":25}},"16":{"start":{"line":25,"column":8},"end":{"line":27,"column":null}},"17":{"start":{"line":26,"column":12},"end":{"line":26,"column":25}},"18":{"start":{"line":30,"column":4},"end":{"line":30,"column":16}},"19":{"start":{"line":11,"column":0},"end":{"line":11,"column":16}}},"fnMap":{"0":{"name":"isArray","decl":{"start":{"line":3,"column":9},"end":{"line":3,"column":16}},"loc":{"start":{"line":3,"column":31},"end":{"line":5,"column":1}}},"1":{"name":"isArrayOrObject","decl":{"start":{"line":7,"column":9},"end":{"line":7,"column":24}},"loc":{"start":{"line":7,"column":39},"end":{"line":9,"column":1}}},"2":{"name":"isEqual","decl":{"start":{"line":11,"column":16},"end":{"line":11,"column":23}},"loc":{"start":{"line":11,"column":58},"end":{"line":31,"column":1}}}},"branchMap":{"0":{"loc":{"start":{"line":8,"column":11},"end":{"line":8,"column":49}},"type":"binary-expr","locations":[{"start":{"line":8,"column":11},"end":{"line":8,"column":31}},{"start":{"line":8,"column":35},"end":{"line":8,"column":49}}]},"1":{"loc":{"start":{"line":12,"column":4},"end":{"line":14,"column":null}},"type":"if","locations":[{"start":{"line":12,"column":4},"end":{"line":14,"column":null}}]},"2":{"loc":{"start":{"line":18,"column":8},"end":{"line":23,"column":null}},"type":"if","locations":[{"start":{"line":18,"column":8},"end":{"line":23,"column":null}}]},"3":{"loc":{"start":{"line":18,"column":12},"end":{"line":18,"column":65}},"type":"binary-expr","locations":[{"start":{"line":18,"column":12},"end":{"line":18,"column":34}},{"start":{"line":18,"column":38},"end":{"line":18,"column":65}}]},"4":{"loc":{"start":{"line":19,"column":12},"end":{"line":21,"column":null}},"type":"if","locations":[{"start":{"line":19,"column":12},"end":{"line":21,"column":null}}]},"5":{"loc":{"start":{"line":25,"column":8},"end":{"line":27,"column":null}},"type":"if","locations":[{"start":{"line":25,"column":8},"end":{"line":27,"column":null}}]}},"s":{"0":2,"1":12,"2":16,"3":6,"4":0,"5":6,"6":6,"7":6,"8":12,"9":12,"10":12,"11":12,"12":12,"13":4,"14":4,"15":0,"16":8,"17":0,"18":6,"19":2},"f":{"0":12,"1":16,"2":6},"b":{"0":[16,12],"1":[0],"2":[4],"3":[12,4],"4":[4],"5":[0]}}
,"/Users/werdner/Documents/werdner/middle.messenger.praktikum.yandex/src/utils/isPlainObject.ts": {"path":"/Users/werdner/Documents/werdner/middle.messenger.praktikum.yandex/src/utils/isPlainObject.ts","statementMap":{"0":{"start":{"line":6,"column":4},"end":{"line":9,"column":71}},"1":{"start":{"line":5,"column":0},"end":{"line":5,"column":16}}},"fnMap":{"0":{"name":"isPlainObject","decl":{"start":{"line":5,"column":16},"end":{"line":5,"column":29}},"loc":{"start":{"line":5,"column":44},"end":{"line":10,"column":1}}}},"branchMap":{"0":{"loc":{"start":{"line":6,"column":11},"end":{"line":9,"column":70}},"type":"binary-expr","locations":[{"start":{"line":6,"column":11},"end":{"line":6,"column":36}},{"start":{"line":7,"column":11},"end":{"line":7,"column":25}},{"start":{"line":8,"column":11},"end":{"line":8,"column":39}},{"start":{"line":9,"column":11},"end":{"line":9,"column":70}}]}},"s":{"0":18,"1":3},"f":{"0":18},"b":{"0":[18,9,9,5]}}
}
