TN:
SF:src/core/Block.ts
FN:12,(anonymous_2)
FN:32,Block
FN:45,(anonymous_4)
FN:46,(anonymous_5)
FN:55,(anonymous_6)
FN:60,(anonymous_7)
FN:68,(anonymous_8)
FN:75,(anonymous_9)
FN:79,(anonymous_10)
FN:81,(anonymous_11)
FN:83,(anonymous_12)
FN:87,(anonymous_13)
FN:91,(anonymous_14)
FN:103,(anonymous_15)
FN:116,(anonymous_16)
FN:120,(anonymous_17)
FN:128,(anonymous_18)
FN:134,(anonymous_19)
FN:153,(anonymous_20)
FN:157,(anonymous_21)
FN:161,(anonymous_22)
FN:170,(anonymous_23)
FNF:22
FNH:16
FNDA:2,(anonymous_2)
FNDA:9,Block
FNDA:0,(anonymous_4)
FNDA:1,(anonymous_5)
FNDA:8,(anonymous_6)
FNDA:9,(anonymous_7)
FNDA:9,(anonymous_8)
FNDA:9,(anonymous_9)
FNDA:3,(anonymous_10)
FNDA:4,(anonymous_11)
FNDA:4,(anonymous_12)
FNDA:4,(anonymous_13)
FNDA:0,(anonymous_14)
FNDA:0,(anonymous_15)
FNDA:9,(anonymous_16)
FNDA:5,(anonymous_17)
FNDA:0,(anonymous_18)
FNDA:4,(anonymous_19)
FNDA:1,(anonymous_20)
FNDA:9,(anonymous_21)
FNDA:0,(anonymous_22)
FNDA:0,(anonymous_23)
DA:1,2
DA:2,2
DA:3,2
DA:4,2
DA:12,2
DA:13,2
DA:21,2
DA:33,9
DA:34,9
DA:36,9
DA:37,9
DA:43,9
DA:47,1
DA:48,1
DA:52,9
DA:55,9
DA:56,9
DA:57,9
DA:60,2
DA:61,9
DA:62,9
DA:63,9
DA:64,9
DA:65,9
DA:68,2
DA:69,9
DA:70,9
DA:72,9
DA:75,2
DA:76,9
DA:79,2
DA:81,2
DA:83,2
DA:84,4
DA:87,2
DA:88,4
DA:91,2
DA:92,0
DA:94,0
DA:95,0
DA:97,0
DA:98,0
DA:100,0
DA:103,2
DA:104,0
DA:105,0
DA:108,0
DA:109,0
DA:111,0
DA:112,0
DA:116,2
DA:117,9
DA:119,9
DA:121,5
DA:122,5
DA:123,5
DA:126,5
DA:129,0
DA:134,2
DA:135,4
DA:137,4
DA:138,0
DA:141,4
DA:142,4
DA:143,4
DA:146,4
DA:148,4
DA:149,4
DA:150,4
DA:153,2
DA:154,1
DA:157,2
DA:158,9
DA:160,9
DA:162,0
DA:163,0
DA:164,0
DA:165,0
DA:168,0
DA:171,0
DA:175,2
LF:81
LH:61
BRDA:38,0,0,9
BRDA:38,0,1,0
BRDA:38,1,0,9
BRDA:38,1,1,9
BRDA:38,2,0,0
BRDA:38,2,1,9
BRDA:38,3,0,9
BRDA:38,3,1,9
BRDA:39,4,0,9
BRDA:39,4,1,0
BRDA:39,5,0,9
BRDA:39,5,1,9
BRDA:39,6,0,0
BRDA:39,6,1,9
BRDA:39,7,0,9
BRDA:39,7,1,9
BRDA:40,8,0,9
BRDA:40,8,1,0
BRDA:40,9,0,9
BRDA:40,9,1,9
BRDA:40,10,0,0
BRDA:40,10,1,9
BRDA:40,11,0,9
BRDA:40,11,1,9
BRDA:44,12,0,9
BRDA:44,12,1,0
BRDA:44,13,0,9
BRDA:44,13,1,9
BRDA:92,14,0,0
BRDA:92,15,0,0
BRDA:92,15,1,0
BRDA:98,16,0,0
BRDA:98,16,1,0
BRDA:103,17,0,0
BRDA:104,18,0,0
BRDA:111,19,0,0
BRDA:121,20,0,5
BRDA:135,21,0,0
BRDA:137,22,0,0
BRDA:141,23,0,4
BRDA:162,24,0,0
BRF:41
BRH:23
end_of_record
TN:
SF:src/core/EventBus.ts
FN:3,(anonymous_0)
FN:8,EventBus
FN:12,(anonymous_2)
FN:22,(anonymous_3)
FN:30,(anonymous_4)
FN:34,(anonymous_5)
FN:41,(anonymous_6)
FNF:7
FNH:5
FNDA:2,(anonymous_0)
FNDA:9,EventBus
FNDA:45,(anonymous_2)
FNDA:0,(anonymous_3)
FNDA:0,(anonymous_4)
FNDA:17,(anonymous_5)
FNDA:17,(anonymous_6)
DA:3,2
DA:9,9
DA:12,2
DA:13,45
DA:15,45
DA:16,45
DA:19,45
DA:22,2
DA:23,0
DA:25,0
DA:26,0
DA:29,0
DA:30,0
DA:34,34
DA:35,17
DA:37,17
DA:38,0
DA:41,17
DA:42,17
DA:45,2
LF:20
LH:14
BRDA:13,0,0,0
BRDA:15,1,0,45
BRDA:23,2,0,0
BRDA:25,3,0,0
BRDA:35,4,0,0
BRDA:37,5,0,0
BRF:6
BRH:1
end_of_record
TN:
SF:src/core/HTTP/HTTPTransport.ts
FN:3,(anonymous_0)
FN:21,queryStringify
FN:26,(anonymous_2)
FN:35,onload
FN:36,(anonymous_4)
FN:56,(anonymous_5)
FN:59,HTTPTransport
FN:63,(anonymous_7)
FN:74,(anonymous_8)
FN:78,(anonymous_9)
FNF:10
FNH:9
FNDA:1,(anonymous_0)
FNDA:2,queryStringify
FNDA:6,(anonymous_2)
FNDA:10,onload
FNDA:0,(anonymous_4)
FNDA:1,(anonymous_5)
FNDA:1,HTTPTransport
FNDA:5,(anonymous_7)
FNDA:5,(anonymous_8)
FNDA:1,(anonymous_9)
DA:1,1
DA:3,1
DA:4,1
DA:5,1
DA:6,1
DA:7,1
DA:8,1
DA:21,1
DA:22,2
DA:24,2
DA:26,6
DA:27,6
DA:28,6
DA:29,4
DA:32,2
DA:35,1
DA:36,10
DA:37,0
DA:38,0
DA:40,0
DA:41,0
DA:43,0
DA:44,0
DA:46,0
DA:47,0
DA:49,0
DA:51,0
DA:52,0
DA:56,1
DA:59,1
DA:60,1
DA:63,1
DA:64,5
DA:66,5
DA:68,5
DA:70,5
DA:71,5
DA:72,5
DA:74,5
DA:75,5
DA:76,5
DA:78,5
DA:79,1
DA:82,5
DA:83,5
DA:84,5
DA:86,5
DA:87,5
DA:89,5
DA:90,1
DA:92,4
DA:96,5
DA:98,1
LF:53
LH:42
BRDA:3,0,0,1
BRDA:3,0,1,1
BRDA:28,1,0,4
BRDA:43,2,0,0
BRDA:43,2,1,0
BRDA:44,3,0,0
BRDA:44,3,1,0
BRDA:46,4,0,0
BRDA:46,4,1,0
BRDA:49,5,0,0
BRDA:49,5,1,0
BRDA:51,6,0,0
BRDA:51,6,1,0
BRDA:59,7,0,0
BRDA:64,8,0,5
BRDA:64,8,1,0
BRDA:64,9,0,2
BRDA:64,9,1,3
BRDA:64,10,0,5
BRDA:64,10,1,0
BRDA:64,11,0,4
BRDA:64,11,1,1
BRDA:68,12,0,5
BRDA:68,12,1,2
BRDA:71,13,0,1
BRDA:71,13,1,4
BRDA:72,14,0,0
BRDA:72,14,1,5
BRDA:89,15,0,1
BRDA:89,15,1,4
BRF:30
BRH:16
end_of_record
TN:
SF:src/core/Router/Route.ts
FN:3,(anonymous_0)
FN:7,Route
FN:12,(anonymous_2)
FN:19,(anonymous_3)
FN:23,(anonymous_4)
FNF:5
FNH:4
FNDA:1,(anonymous_0)
FNDA:4,Route
FNDA:0,(anonymous_2)
FNDA:12,(anonymous_3)
FNDA:3,(anonymous_4)
DA:3,1
DA:8,4
DA:9,4
DA:12,1
DA:13,0
DA:14,0
DA:15,0
DA:19,1
DA:20,12
DA:23,1
DA:24,3
DA:26,1
LF:12
LH:9
BRDA:13,0,0,0
BRDA:13,1,0,0
BRDA:13,1,1,0
BRDA:24,2,0,0
BRDA:24,2,1,3
BRDA:24,3,0,3
BRDA:24,3,1,3
BRF:7
BRH:3
end_of_record
TN:
SF:src/core/Router/Router.ts
FN:4,(anonymous_0)
FN:12,Router
FN:24,(anonymous_2)
FN:32,(anonymous_3)
FN:33,(anonymous_4)
FN:42,(anonymous_5)
FN:52,(anonymous_6)
FN:62,(anonymous_7)
FN:67,(anonymous_8)
FN:72,(anonymous_9)
FN:73,(anonymous_10)
FNF:11
FNH:7
FNDA:1,(anonymous_0)
FNDA:1,Router
FNDA:4,(anonymous_2)
FNDA:0,(anonymous_3)
FNDA:0,(anonymous_4)
FNDA:3,(anonymous_5)
FNDA:3,(anonymous_6)
FNDA:0,(anonymous_7)
FNDA:0,(anonymous_8)
FNDA:6,(anonymous_9)
FNDA:12,(anonymous_10)
DA:1,1
DA:4,1
DA:5,1
DA:6,1
DA:8,1
DA:9,1
DA:10,1
DA:13,1
DA:14,0
DA:17,1
DA:18,1
DA:19,1
DA:21,1
DA:24,1
DA:25,4
DA:27,4
DA:29,4
DA:32,1
DA:33,0
DA:34,0
DA:35,0
DA:38,0
DA:39,0
DA:42,1
DA:43,3
DA:44,3
DA:45,0
DA:48,3
DA:49,3
DA:52,1
DA:53,3
DA:54,0
DA:57,3
DA:58,3
DA:59,3
DA:62,1
DA:63,0
DA:64,0
DA:67,1
DA:68,0
DA:69,0
DA:72,1
DA:73,12
DA:75,1
LF:44
LH:32
BRDA:13,0,0,0
BRDA:27,1,0,0
BRDA:27,1,1,4
BRDA:27,2,0,4
BRDA:27,2,1,4
BRDA:43,3,0,3
BRDA:43,3,1,0
BRDA:43,4,0,3
BRDA:43,4,1,3
BRDA:44,5,0,0
BRDA:49,6,0,0
BRDA:49,6,1,3
BRDA:49,7,0,3
BRDA:49,7,1,3
BRDA:53,8,0,0
BRDA:64,9,0,0
BRDA:64,9,1,0
BRDA:64,10,0,0
BRDA:64,10,1,0
BRDA:69,11,0,0
BRDA:69,11,1,0
BRDA:69,12,0,0
BRDA:69,12,1,0
BRDA:73,13,0,0
BRDA:73,13,1,6
BRDA:73,14,0,6
BRDA:73,14,1,6
BRF:27
BRH:12
end_of_record
TN:
SF:src/core/Router/mockPages.ts
FN:4,(anonymous_6)
FN:5,HelloPage
FN:10,(anonymous_8)
FN:18,(anonymous_9)
FN:22,(anonymous_10)
FN:27,(anonymous_11)
FN:28,LoginPage
FN:33,(anonymous_13)
FN:41,(anonymous_14)
FN:45,(anonymous_15)
FN:50,(anonymous_16)
FN:51,ByePage
FN:56,(anonymous_18)
FN:64,(anonymous_19)
FN:68,(anonymous_20)
FN:73,(anonymous_21)
FN:74,Register
FN:79,(anonymous_23)
FN:87,(anonymous_24)
FN:91,(anonymous_25)
FNF:20
FNH:12
FNDA:1,(anonymous_6)
FNDA:1,HelloPage
FNDA:2,(anonymous_8)
FNDA:0,(anonymous_9)
FNDA:0,(anonymous_10)
FNDA:1,(anonymous_11)
FNDA:1,LoginPage
FNDA:2,(anonymous_13)
FNDA:0,(anonymous_14)
FNDA:0,(anonymous_15)
FNDA:1,(anonymous_16)
FNDA:1,ByePage
FNDA:2,(anonymous_18)
FNDA:0,(anonymous_19)
FNDA:0,(anonymous_20)
FNDA:1,(anonymous_21)
FNDA:1,Register
FNDA:2,(anonymous_23)
FNDA:0,(anonymous_24)
FNDA:0,(anonymous_25)
DA:1,1
DA:2,1
DA:4,1
DA:6,1
DA:10,2
DA:14,1
DA:15,1
DA:18,1
DA:19,0
DA:23,0
DA:25,1
DA:27,1
DA:29,1
DA:33,2
DA:37,1
DA:38,1
DA:41,1
DA:42,0
DA:46,0
DA:48,1
DA:50,1
DA:52,1
DA:56,2
DA:60,1
DA:61,1
DA:64,1
DA:65,0
DA:69,0
DA:71,1
DA:73,1
DA:75,1
DA:79,2
DA:83,1
DA:84,1
DA:87,1
DA:88,0
DA:92,0
DA:94,1
LF:38
LH:30
BRDA:15,0,0,1
BRDA:15,0,1,1
BRDA:38,1,0,1
BRDA:38,1,1,1
BRDA:61,2,0,1
BRDA:61,2,1,1
BRDA:84,3,0,1
BRDA:84,3,1,1
BRF:8
BRH:8
end_of_record
TN:
SF:src/core/Templator/HTMLParser.ts
FN:4,(anonymous_6)
FN:10,HTMLParser
FN:16,(anonymous_8)
FN:21,(anonymous_9)
FN:32,(anonymous_11)
FN:50,(anonymous_12)
FN:59,(anonymous_13)
FNF:7
FNH:7
FNDA:3,(anonymous_6)
FNDA:11,HTMLParser
FNDA:32,(anonymous_8)
FNDA:11,(anonymous_9)
FNDA:16,(anonymous_11)
FNDA:16,(anonymous_12)
FNDA:11,(anonymous_13)
DA:2,3
DA:4,3
DA:11,11
DA:12,11
DA:13,11
DA:16,3
DA:17,32
DA:18,32
DA:21,3
DA:22,11
DA:23,11
DA:25,11
DA:27,32
DA:28,53
DA:32,3
DA:33,16
DA:34,16
DA:35,16
DA:37,16
DA:39,9
DA:40,0
DA:41,0
DA:43,9
DA:47,16
DA:50,3
DA:51,16
DA:56,16
DA:59,3
DA:60,11
DA:61,11
DA:62,11
DA:63,11
DA:65,11
DA:67,11
DA:68,11
DA:70,11
DA:72,11
DA:75,11
DA:76,21
DA:78,21
DA:80,21
DA:81,16
DA:83,16
DA:84,16
DA:85,16
DA:87,16
DA:89,5
DA:91,11
DA:94,0
DA:95,0
DA:99,5
DA:100,5
DA:102,5
DA:103,0
DA:105,5
DA:110,0
DA:112,3
LF:57
LH:51
BRDA:25,0,0,0
BRDA:27,1,0,0
BRDA:39,2,0,0
BRDA:39,2,1,9
BRDA:39,3,0,9
BRDA:39,3,1,1
BRDA:41,4,0,0
BRDA:67,5,0,11
BRDA:68,6,0,6
BRDA:68,6,1,5
BRDA:78,7,0,0
BRDA:80,8,0,16
BRDA:80,8,1,5
BRDA:83,9,0,16
BRDA:83,9,1,0
BRDA:83,10,0,16
BRDA:83,10,1,0
BRDA:87,11,0,5
BRDA:87,11,1,11
BRDA:87,12,0,16
BRDA:87,12,1,16
BRDA:99,13,0,5
BRDA:99,13,1,0
BRDA:102,14,0,0
BRDA:102,14,1,5
BRF:25
BRH:16
end_of_record
TN:
SF:src/core/Templator/Templator.ts
FN:6,(anonymous_0)
FN:14,Templator
FN:22,(anonymous_2)
FN:29,(anonymous_3)
FN:43,(anonymous_4)
FN:64,(anonymous_5)
FN:69,(anonymous_6)
FNF:7
FNH:6
FNDA:3,(anonymous_0)
FNDA:11,Templator
FNDA:14,(anonymous_2)
FNDA:0,(anonymous_3)
FNDA:12,(anonymous_4)
FNDA:1,(anonymous_5)
FNDA:11,(anonymous_6)
DA:1,3
DA:6,3
DA:15,11
DA:16,11
DA:17,11
DA:18,11
DA:19,11
DA:22,28
DA:23,14
DA:24,2
DA:26,2
DA:27,0
DA:29,0
DA:31,0
DA:37,2
DA:43,3
DA:44,12
DA:45,12
DA:46,12
DA:48,12
DA:50,2
DA:51,0
DA:54,4
DA:56,2
DA:58,2
DA:61,12
DA:64,3
DA:65,1
DA:66,1
DA:69,3
DA:70,11
DA:72,11
DA:73,11
DA:75,3
LF:34
LH:30
BRDA:22,0,0,14
BRDA:23,1,0,12
BRDA:24,2,0,0
BRDA:26,3,0,0
BRDA:50,4,0,0
BRDA:50,5,0,2
BRDA:50,5,1,2
BRDA:50,6,0,0
BRDA:50,6,1,2
BRDA:50,7,0,2
BRDA:50,7,1,2
BRDA:56,8,0,0
BRF:12
BRH:7
end_of_record
TN:
SF:src/core/Templator/index.ts
FN:1,(anonymous_0)
FNF:1
FNH:1
FNDA:9,(anonymous_0)
DA:1,11
LF:1
LH:1
BRF:0
BRH:0
end_of_record
TN:
SF:src/core/vdom/VDom.ts
FN:11,(anonymous_0)
FN:12,(anonymous_2)
FN:22,(anonymous_3)
FN:30,(anonymous_4)
FN:39,(anonymous_6)
FN:71,(anonymous_8)
FN:87,(anonymous_9)
FN:95,(anonymous_10)
FN:98,(anonymous_11)
FN:107,(anonymous_13)
FN:113,(anonymous_14)
FN:130,(anonymous_15)
FN:132,(anonymous_16)
FN:143,(anonymous_17)
FN:151,(anonymous_18)
FN:156,(anonymous_19)
FN:168,(anonymous_20)
FNF:17
FNH:2
FNDA:23,(anonymous_0)
FNDA:25,(anonymous_2)
FNDA:0,(anonymous_3)
FNDA:0,(anonymous_4)
FNDA:0,(anonymous_6)
FNDA:0,(anonymous_8)
FNDA:0,(anonymous_9)
FNDA:0,(anonymous_10)
FNDA:0,(anonymous_11)
FNDA:0,(anonymous_13)
FNDA:0,(anonymous_14)
FNDA:0,(anonymous_15)
FNDA:0,(anonymous_16)
FNDA:0,(anonymous_17)
FNDA:0,(anonymous_18)
FNDA:0,(anonymous_19)
FNDA:0,(anonymous_20)
DA:1,3
DA:11,23
DA:12,25
DA:13,25
DA:15,25
DA:22,20
DA:23,0
DA:24,0
DA:25,0
DA:27,0
DA:30,20
DA:31,0
DA:32,0
DA:34,0
DA:35,0
DA:36,0
DA:37,0
DA:39,0
DA:40,0
DA:41,0
DA:43,0
DA:44,0
DA:45,0
DA:47,0
DA:48,0
DA:50,0
DA:51,0
DA:52,0
DA:54,0
DA:55,0
DA:57,0
DA:58,0
DA:62,0
DA:65,0
DA:69,0
DA:70,0
DA:71,0
DA:72,0
DA:73,0
DA:75,0
DA:76,0
DA:79,0
DA:82,0
DA:87,0
DA:88,0
DA:89,0
DA:91,0
DA:95,20
DA:96,0
DA:98,0
DA:99,0
DA:100,0
DA:103,0
DA:104,0
DA:106,0
DA:107,0
DA:108,0
DA:109,0
DA:113,0
DA:114,0
DA:115,0
DA:116,0
DA:119,0
DA:120,0
DA:123,0
DA:124,0
DA:126,0
DA:130,3
DA:131,0
DA:132,0
DA:133,0
DA:134,0
DA:136,0
DA:140,0
DA:142,0
DA:143,0
DA:144,0
DA:145,0
DA:146,0
DA:148,0
DA:151,0
DA:155,0
DA:156,0
DA:157,0
DA:158,0
DA:159,0
DA:161,0
DA:165,0
DA:166,0
DA:168,0
DA:169,0
DA:170,0
DA:172,0
DA:173,0
DA:177,3
LF:95
LH:10
BRDA:12,0,0,0
BRDA:12,1,0,0
BRDA:12,1,1,25
BRDA:12,2,0,0
BRDA:12,2,1,25
BRDA:40,3,0,0
BRDA:41,4,0,0
BRDA:43,5,0,0
BRDA:43,5,1,0
BRDA:44,6,0,0
BRDA:44,6,1,0
BRDA:48,7,0,0
BRDA:48,7,1,0
BRDA:48,7,2,0
BRDA:53,8,0,0
BRDA:53,8,1,0
BRDA:70,9,0,0
BRDA:72,10,0,0
BRDA:72,10,1,0
BRDA:75,11,0,0
BRDA:100,12,0,0
BRDA:114,13,0,0
BRDA:114,14,0,0
BRDA:114,14,1,0
BRDA:131,15,0,0
BRDA:133,16,0,0
BRDA:140,17,0,0
BRDA:140,18,0,0
BRDA:140,18,1,0
BRDA:142,19,0,0
BRDA:142,19,1,0
BRDA:145,20,0,0
BRDA:145,21,0,0
BRDA:145,21,1,0
BRDA:155,22,0,0
BRDA:158,23,0,0
BRDA:169,24,0,0
BRF:37
BRH:2
end_of_record
TN:
SF:src/core/vdom/index.ts
FN:1,(anonymous_0)
FNF:1
FNH:1
FNDA:9,(anonymous_0)
DA:1,11
LF:1
LH:1
BRF:0
BRH:0
end_of_record
TN:
SF:src/core/vdom/mount.ts
FN:1,(anonymous_0)
FNF:1
FNH:1
FNDA:4,(anonymous_0)
DA:1,2
DA:2,4
DA:4,0
DA:5,0
LF:4
LH:2
BRDA:2,0,0,4
BRF:1
BRH:1
end_of_record
TN:
SF:src/core/vdom/render.ts
FN:3,(anonymous_0)
FN:15,(anonymous_1)
FN:32,(anonymous_2)
FNF:3
FNH:3
FNDA:5,(anonymous_0)
FNDA:1,(anonymous_1)
FNDA:9,(anonymous_2)
DA:3,5
DA:4,5
DA:6,5
DA:8,1
DA:10,1
DA:11,0
DA:12,1
DA:13,1
DA:15,1
DA:16,1
DA:19,0
DA:20,0
DA:25,10
DA:26,5
DA:29,5
DA:32,3
DA:33,9
DA:34,4
DA:37,5
LF:19
LH:16
BRDA:3,0,0,0
BRDA:3,0,1,5
BRDA:3,1,0,0
BRDA:3,1,1,5
BRDA:4,2,0,0
BRDA:4,2,1,5
BRDA:8,3,0,0
BRDA:10,4,0,0
BRDA:10,4,1,1
BRDA:10,5,0,1
BRDA:10,5,1,0
BRDA:12,6,0,1
BRDA:12,6,1,0
BRDA:12,7,0,1
BRDA:12,7,1,1
BRDA:19,8,0,0
BRDA:33,9,0,4
BRF:17
BRH:9
end_of_record
TN:
SF:src/utils/isEqual.ts
FN:3,isArray
FN:7,isArrayOrObject
FN:11,isEqual
FNF:3
FNH:3
FNDA:12,isArray
FNDA:16,isArrayOrObject
FNDA:6,isEqual
DA:1,2
DA:4,12
DA:8,16
DA:11,2
DA:12,6
DA:13,0
DA:16,12
DA:17,12
DA:18,12
DA:19,4
DA:20,4
DA:22,0
DA:25,8
DA:26,0
DA:30,6
LF:15
LH:12
BRDA:8,0,0,16
BRDA:8,0,1,12
BRDA:12,1,0,0
BRDA:18,2,0,4
BRDA:18,3,0,12
BRDA:18,3,1,4
BRDA:19,4,0,4
BRDA:25,5,0,0
BRF:8
BRH:6
end_of_record
TN:
SF:src/utils/isPlainObject.ts
FN:5,isPlainObject
FNF:1
FNH:1
FNDA:18,isPlainObject
DA:5,3
DA:6,18
LF:2
LH:2
BRDA:6,0,0,18
BRDA:6,0,1,9
BRDA:6,0,2,9
BRDA:6,0,3,5
BRF:4
BRH:4
end_of_record
